[38;5;86m[HTTP][0m [37m-->[39m [37mPOST[39m [37m/session[39m [90m{"capabilities":{"alwaysMatch":{"platformName":"Android","appium:autoGrantPermissions":true,"appium:deviceName":"RZCXA1E4D9X","appium:platformVersion":"14.0","appium:automationName":"UiAutomator2","appium:appPackage":"com.here.app.wegoalpha","appium:appActivity":"com.here.app.wego.MainActivity","appium:appWaitActivity":"com.here.app.wego.MainActivity"},"firstMatch":[{}]}}[39m
[38;5;138m[AppiumDriver@60f4][0m Calling AppiumDriver.createSession() with args: [null,null,{"alwaysMatch":{"platformName":"Android","appium:autoGrantPermissions":true,"appium:deviceName":"RZCXA1E4D9X","appium:platformVersion":"14.0","appium:automationName":"UiAutomator2","appium:appPackage":"com.here.app.wegoalpha","appium:appActivity":"com.here.app.wego.MainActivity","appium:appWaitActivity":"com.here.app.wego.MainActivity"},"firstMatch":[{}]}]
[38;5;138m[AppiumDriver@60f4][0m Event 'newSessionRequested' logged at 1745597296432 (21:38:16 GMT+0530 (India Standard Time))
[38;5;112m[Appium][0m Attempting to find matching driver for automationName 'UiAutomator2' and platformName 'Android'
[38;5;112m[Appium][0m The 'uiautomator2' driver was installed and matched caps.
[38;5;112m[Appium][0m Will require it at /Users/shpal/Desktop/Web_Automation/wego_wdio_poc/node_modules/appium-uiautomator2-driver
[38;5;112m[Appium][0m Requiring driver at /Users/shpal/Desktop/Web_Automation/wego_wdio_poc/node_modules/appium-uiautomator2-driver/build/index.js
[38;5;138m[AppiumDriver@60f4][0m Appium v2.17.1 creating new AndroidUiautomator2Driver (v4.1.5) session
[38;5;138m[AppiumDriver@60f4][0m Checking BaseDriver versions for Appium and AndroidUiautomator2Driver
[38;5;138m[AppiumDriver@60f4][0m Appium's BaseDriver version is 9.16.4
[38;5;138m[AppiumDriver@60f4][0m AndroidUiautomator2Driver's BaseDriver version is 9.16.4
[38;5;138m[AppiumDriver@60f4][0m Applying relaxed security to 'AndroidUiautomator2Driver' as per server command line argument. All insecure features will be enabled unless explicitly disabled by --deny-insecure
[38;5;-3m[AndroidUiautomator2Driver@b118][0m 
[38;5;-3m[AndroidUiautomator2Driver@b118][0m Creating session with W3C capabilities: {
  "alwaysMatch": {
    "platformName": "Android",
    "appium:autoGrantPermissions": true,
    "appium:deviceName": "RZCXA1E4D9X",
    "appium:platformVersion": "14.0",
    "appium:automationName": "UiAutomator2",
    "appium:appPackage": "com.here.app.wegoalpha",
    "appium:appActivity": "com.here.app.wego.MainActivity",
    "appium:appWaitActivity": "com.here.app.wego.MainActivity"
  },
  "firstMatch": [
    {}
  ]
}
[38;5;156m[02f816e2][0m[38;5;-3m[AndroidUiautomator2Driver@b118][0m Session created with session id: 02f816e2-37c5-401a-92df-852c15b4c6ec
[38;5;156m[02f816e2][0m[38;5;229m[ADB][0m Found 3 'build-tools' folders under '/Users/shpal/Library/Android/sdk' (newest first):
[38;5;156m[02f816e2][0m[38;5;229m[ADB][0m     /Users/shpal/Library/Android/sdk/build-tools/35.0.1
[38;5;156m[02f816e2][0m[38;5;229m[ADB][0m     /Users/shpal/Library/Android/sdk/build-tools/35.0.0
[38;5;156m[02f816e2][0m[38;5;229m[ADB][0m     /Users/shpal/Library/Android/sdk/build-tools/34.0.0
[38;5;156m[02f816e2][0m[38;5;229m[ADB][0m Using 'adb' from '/Users/shpal/Library/Android/sdk/platform-tools/adb'
[38;5;156m[02f816e2][0m[38;5;229m[ADB][0m Running '/Users/shpal/Library/Android/sdk/platform-tools/adb -P 5037 start-server'
[38;5;156m[02f816e2][0m[38;5;-3m[AndroidUiautomator2Driver@b118][0m Retrieving device list
[38;5;156m[02f816e2][0m[38;5;229m[ADB][0m Trying to find connected Android devices
[38;5;156m[02f816e2][0m[38;5;229m[ADB][0m Getting connected devices
[38;5;156m[02f816e2][0m[38;5;229m[ADB][0m Connected devices: [{"udid":"RZCXA1E4D9X","state":"device"}]
[38;5;156m[02f816e2][0m[38;5;-3m[AndroidUiautomator2Driver@b118][0m Looking for a device with Android '14.0.0'
[38;5;156m[02f816e2][0m[38;5;229m[ADB][0m Setting device id to RZCXA1E4D9X
[38;5;156m[02f816e2][0m[38;5;229m[ADB][0m Getting device platform version
[38;5;156m[02f816e2][0m[38;5;229m[ADB][0m Running '/Users/shpal/Library/Android/sdk/platform-tools/adb -P 5037 -s RZCXA1E4D9X shell getprop ro.build.version.release'
[38;5;156m[02f816e2][0m[38;5;229m[ADB][0m Current device property 'ro.build.version.release': 14
[38;5;156m[02f816e2][0m[38;5;-3m[AndroidUiautomator2Driver@b118][0m Using device: RZCXA1E4D9X
[38;5;156m[02f816e2][0m[38;5;229m[ADB][0m Using 'adb' from '/Users/shpal/Library/Android/sdk/platform-tools/adb'
[38;5;156m[02f816e2][0m[38;5;229m[ADB][0m Running '/Users/shpal/Library/Android/sdk/platform-tools/adb -P 5037 start-server'
[38;5;156m[02f816e2][0m[38;5;229m[ADB][0m Setting device id to RZCXA1E4D9X
[38;5;156m[02f816e2][0m[38;5;-3m[AndroidUiautomator2Driver@b118][0m Starting 'com.here.app.wegoalpha' directly on the device
[38;5;156m[02f816e2][0m[38;5;229m[ADB][0m Running '/Users/shpal/Library/Android/sdk/platform-tools/adb -P 5037 -s RZCXA1E4D9X shell getprop ro.build.version.sdk'
[38;5;156m[02f816e2][0m[38;5;229m[ADB][0m Current device property 'ro.build.version.sdk': 34
[38;5;156m[02f816e2][0m[38;5;229m[ADB][0m Getting device platform version
[38;5;156m[02f816e2][0m[38;5;229m[ADB][0m Running '/Users/shpal/Library/Android/sdk/platform-tools/adb -P 5037 -s RZCXA1E4D9X shell getprop ro.build.version.release'
[38;5;156m[02f816e2][0m[38;5;229m[ADB][0m Current device property 'ro.build.version.release': 14
[38;5;156m[02f816e2][0m[38;5;229m[ADB][0m Device API level: 34
[38;5;156m[02f816e2][0m[38;5;-3m[AndroidUiautomator2Driver@b118][0m Relaxing hidden api policy
[38;5;156m[02f816e2][0m[38;5;229m[ADB][0m Running '/Users/shpal/Library/Android/sdk/platform-tools/adb -P 5037 -s RZCXA1E4D9X shell 'settings put global hidden_api_policy_pre_p_apps 1;settings put global hidden_api_policy_p_apps 1;settings put global hidden_api_policy 1''
[38;5;156m[02f816e2][0m[38;5;-3m[AndroidUiautomator2Driver@b118][0m Pushing settings apk to the device...
[38;5;156m[02f816e2][0m[38;5;229m[ADB][0m Getting package info for 'io.appium.settings'
[38;5;156m[02f816e2][0m[38;5;229m[ADB][0m Running '/Users/shpal/Library/Android/sdk/platform-tools/adb -P 5037 -s RZCXA1E4D9X shell dumpsys package io.appium.settings'
[38;5;156m[02f816e2][0m[38;5;229m[ADB][0m Using 'aapt2' from '/Users/shpal/Library/Android/sdk/build-tools/35.0.1/aapt2'
[38;5;156m[02f816e2][0m[38;5;229m[ADB][0m Reading package manifest: '/Users/shpal/Library/Android/sdk/build-tools/35.0.1/aapt2 dump badging /Users/shpal/Desktop/Web_Automation/wego_wdio_poc/node_modules/appium-uiautomator2-driver/node_modules/io.appium.settings/apks/settings_apk-debug.apk'
[38;5;156m[02f816e2][0m[38;5;229m[ADB][0m The version name of the installed 'io.appium.settings' is greater or equal to the application version name ('5.14.4' >= '5.14.4')
[38;5;156m[02f816e2][0m[38;5;229m[ADB][0m There is no need to install/upgrade '/Users/shpal/Desktop/Web_Automation/wego_wdio_poc/node_modules/appium-uiautomator2-driver/node_modules/io.appium.settings/apks/settings_apk-debug.apk'
[38;5;156m[02f816e2][0m[38;5;229m[ADB][0m Running '/Users/shpal/Library/Android/sdk/platform-tools/adb -P 5037 -s RZCXA1E4D9X shell dumpsys activity services io.appium.settings'
[38;5;156m[02f816e2][0m[38;5;-3m[AndroidUiautomator2Driver@b118][0m io.appium.settings is already running. There is no need to reset its permissions.
[38;5;156m[02f816e2][0m[38;5;160m[Logcat][0m Starting logs capture with command: /Users/shpal/Library/Android/sdk/platform-tools/adb -P 5037 -s RZCXA1E4D9X logcat -v threadtime
[38;5;156m[02f816e2][0m[38;5;229m[ADB][0m Running '/Users/shpal/Library/Android/sdk/platform-tools/adb -P 5037 -s RZCXA1E4D9X shell appops set io.appium.settings android:mock_location allow'
[38;5;156m[02f816e2][0m[38;5;229m[ADB][0m Running '/Users/shpal/Library/Android/sdk/platform-tools/adb -P 5037 -s RZCXA1E4D9X shell "[ -e '/data/local/tmp/mock_apps.json' ] && echo __PASS__"'
[38;5;156m[02f816e2][0m[38;5;229m[ADB][0m Running '/Users/shpal/Library/Android/sdk/platform-tools/adb -P 5037 -s RZCXA1E4D9X shell cat /data/local/tmp/mock_apps.json'
[38;5;156m[02f816e2][0m[38;5;-3m[AndroidUiautomator2Driver@b118][0m Forwarding UiAutomator2 Server port 6790 to local port 8200
[38;5;156m[02f816e2][0m[38;5;229m[ADB][0m Forwarding system: 8200 to device: 6790
[38;5;156m[02f816e2][0m[38;5;229m[ADB][0m Running '/Users/shpal/Library/Android/sdk/platform-tools/adb -P 5037 -s RZCXA1E4D9X forward tcp:8200 tcp:6790'
[38;5;156m[02f816e2][0m[38;5;-3m[AndroidUiautomator2Driver@b118][0m UIA2Proxy options: {"server":"127.0.0.1","port":8200,"keepAlive":true,"scheme":"http","base":"","reqBasePath":"","sessionId":null,"timeout":240000}
[38;5;156m[02f816e2][0m[38;5;229m[ADB][0m Getting package info for 'io.appium.uiautomator2.server'
[38;5;156m[02f816e2][0m[38;5;229m[ADB][0m Running '/Users/shpal/Library/Android/sdk/platform-tools/adb -P 5037 -s RZCXA1E4D9X shell dumpsys package io.appium.uiautomator2.server'
[38;5;156m[02f816e2][0m[38;5;229m[ADB][0m Getting install status for io.appium.uiautomator2.server.test
[38;5;156m[02f816e2][0m[38;5;-3m[AndroidUiautomator2Driver@b118][0m No app capability. Assuming it is already on the device
[38;5;156m[02f816e2][0m[38;5;229m[ADB][0m Getting install status for com.here.app.wegoalpha
[38;5;156m[02f816e2][0m[38;5;229m[ADB][0m Running '/Users/shpal/Library/Android/sdk/platform-tools/adb -P 5037 -s RZCXA1E4D9X shell cmd package list packages'
[38;5;156m[02f816e2][0m[38;5;229m[ADB][0m Running '/Users/shpal/Library/Android/sdk/platform-tools/adb -P 5037 -s RZCXA1E4D9X shell cmd package list packages'
[38;5;156m[02f816e2][0m[38;5;229m[ADB][0m 'com.here.app.wegoalpha' is installed
[38;5;156m[02f816e2][0m[38;5;229m[ADB][0m Running '/Users/shpal/Library/Android/sdk/platform-tools/adb -P 5037 -s RZCXA1E4D9X shell am force-stop com.here.app.wegoalpha'
[38;5;156m[02f816e2][0m[38;5;229m[ADB][0m 'io.appium.uiautomator2.server.test' is installed
[38;5;156m[02f816e2][0m[38;5;229m[ADB][0m Reading package manifest: '/Users/shpal/Library/Android/sdk/build-tools/35.0.1/aapt2 dump badging /Users/shpal/Desktop/Web_Automation/wego_wdio_poc/node_modules/appium-uiautomator2-driver/node_modules/appium-uiautomator2-server/apks/appium-uiautomator2-server-v7.3.0.apk'
[38;5;156m[02f816e2][0m[38;5;229m[ADB][0m The installed 'io.appium.uiautomator2.server' package is older than '/Users/shpal/Desktop/Web_Automation/wego_wdio_poc/node_modules/appium-uiautomator2-driver/node_modules/appium-uiautomator2-server/apks/appium-uiautomator2-server-v7.3.0.apk' (194 < 209 or '7.1.3' < '7.3.0')'
[38;5;156m[02f816e2][0m[38;5;-3m[AndroidUiautomator2Driver@b118][0m Server packages status: [{"installState":"olderVersionInstalled","appPath":"/Users/shpal/Desktop/Web_Automation/wego_wdio_poc/node_modules/appium-uiautomator2-driver/node_modules/appium-uiautomator2-server/apks/appium-uiautomator2-server-v7.3.0.apk","appId":"io.appium.uiautomator2.server"},{"installState":"sameVersionInstalled","appPath":"/Users/shpal/Desktop/Web_Automation/wego_wdio_poc/node_modules/appium-uiautomator2-driver/node_modules/appium-uiautomator2-server/apks/appium-uiautomator2-server-debug-androidTest.apk","appId":"io.appium.uiautomator2.server.test"}]
[38;5;156m[02f816e2][0m[38;5;-3m[AndroidUiautomator2Driver@b118][0m Server packages are going to be (re)installed
[38;5;156m[02f816e2][0m[38;5;229m[ADB][0m Running '/Users/shpal/Library/Android/sdk/platform-tools/adb -P 5037 -s RZCXA1E4D9X version'
[38;5;156m[02f816e2][0m[38;5;229m[ADB][0m Running '/Users/shpal/Library/Android/sdk/platform-tools/adb -P 5037 -s RZCXA1E4D9X features'
[38;5;156m[02f816e2][0m[38;5;229m[ADB][0m Running '/Users/shpal/Library/Android/sdk/platform-tools/adb -P 5037 -s RZCXA1E4D9X help'
[38;5;156m[02f816e2][0m[38;5;229m[ADB][0m Running '/Users/shpal/Library/Android/sdk/platform-tools/adb -P 5037 -s RZCXA1E4D9X help'
[38;5;156m[02f816e2][0m[38;5;229m[ADB][0m Running '/Users/shpal/Library/Android/sdk/platform-tools/adb -P 5037 -s RZCXA1E4D9X shell pm clear com.here.app.wegoalpha'
[38;5;156m[02f816e2][0m[38;5;229m[ADB][0m The application at '/Users/shpal/Desktop/Web_Automation/wego_wdio_poc/node_modules/appium-uiautomator2-driver/node_modules/appium-uiautomator2-server/apks/appium-uiautomator2-server-v7.3.0.apk' will not be cached, because the device under test has confirmed the support of streamed installs
[38;5;156m[02f816e2][0m[38;5;229m[ADB][0m Running '/Users/shpal/Library/Android/sdk/platform-tools/adb -P 5037 -s RZCXA1E4D9X install -r --no-incremental /Users/shpal/Desktop/Web_Automation/wego_wdio_poc/node_modules/appium-uiautomator2-driver/node_modules/appium-uiautomator2-server/apks/appium-uiautomator2-server-v7.3.0.apk'
[38;5;156m[02f816e2][0m[38;5;229m[ADB][0m The application at '/Users/shpal/Desktop/Web_Automation/wego_wdio_poc/node_modules/appium-uiautomator2-driver/node_modules/appium-uiautomator2-server/apks/appium-uiautomator2-server-debug-androidTest.apk' will not be cached, because the device under test has confirmed the support of streamed installs
[38;5;156m[02f816e2][0m[38;5;229m[ADB][0m Running '/Users/shpal/Library/Android/sdk/platform-tools/adb -P 5037 -s RZCXA1E4D9X install -r --no-incremental /Users/shpal/Desktop/Web_Automation/wego_wdio_poc/node_modules/appium-uiautomator2-driver/node_modules/appium-uiautomator2-server/apks/appium-uiautomator2-server-debug-androidTest.apk'
[38;5;156m[02f816e2][0m[38;5;229m[ADB][0m Running '/Users/shpal/Library/Android/sdk/platform-tools/adb -P 5037 -s RZCXA1E4D9X shell dumpsys package com.here.app.wegoalpha'
[38;5;156m[02f816e2][0m[38;5;229m[ADB][0m Retrieving requested permissions
[38;5;156m[02f816e2][0m[38;5;229m[ADB][0m Retrieved 20 permissions from requested group
[38;5;156m[02f816e2][0m[38;5;229m[ADB][0m Retrieving granted permissions
[38;5;156m[02f816e2][0m[38;5;229m[ADB][0m Retrieved 15 permissions from install,runtime groups
[38;5;156m[02f816e2][0m[38;5;229m[ADB][0m Granting permissions ["android.permission.ACCESS_COARSE_LOCATION","android.permission.ACCESS_FINE_LOCATION","android.permission.POST_NOTIFICATIONS","android.permission.RECORD_AUDIO","android.permission.BLUETOOTH_CONNECT"] to 'com.here.app.wegoalpha'
[38;5;156m[02f816e2][0m[38;5;229m[ADB][0m Got the following command chunks to execute: [["pm","grant","com.here.app.wegoalpha","android.permission.ACCESS_COARSE_LOCATION",";","pm","grant","com.here.app.wegoalpha","android.permission.ACCESS_FINE_LOCATION",";","pm","grant","com.here.app.wegoalpha","android.permission.POST_NOTIFICATIONS",";","pm","grant","com.here.app.wegoalpha","android.permission.RECORD_AUDIO",";","pm","grant","com.here.app.wegoalpha","android.permission.BLUETOOTH_CONNECT",";"]]
[38;5;156m[02f816e2][0m[38;5;229m[ADB][0m Running '/Users/shpal/Library/Android/sdk/platform-tools/adb -P 5037 -s RZCXA1E4D9X shell pm grant com.here.app.wegoalpha android.permission.ACCESS_COARSE_LOCATION ; pm grant com.here.app.wegoalpha android.permission.ACCESS_FINE_LOCATION ; pm grant com.here.app.wegoalpha android.permission.POST_NOTIFICATIONS ; pm grant com.here.app.wegoalpha android.permission.RECORD_AUDIO ; pm grant com.here.app.wegoalpha android.permission.BLUETOOTH_CONNECT ;'
[38;5;156m[02f816e2][0m[38;5;-3m[AndroidUiautomator2Driver@b118][0m Performed fast reset on the installed 'com.here.app.wegoalpha' application (stop and clear)
[38;5;156m[02f816e2][0m[38;5;229m[ADB][0m The installation of 'appium-uiautomator2-server-debug-androidTest.apk' took 10768ms
[38;5;156m[02f816e2][0m[38;5;229m[ADB][0m Install command stdout: Performing Streamed Install
Success
[38;5;156m[02f816e2][0m[38;5;-3m[AndroidUiautomator2Driver@b118][0m Deleting UiAutomator2 session
[38;5;156m[02f816e2][0m[38;5;-3m[AndroidUiautomator2Driver@b118][0m Deleting UiAutomator2 server session
[38;5;156m[02f816e2][0m[38;5;-3m[AndroidUiautomator2Driver@b118][0m Did not get the confirmation of UiAutomator2 server session deletion. Original error: An unknown server-side error occurred while processing the command. Original error: Session ID is not set, but saw a URL that requires it (/)
[38;5;156m[02f816e2][0m[38;5;229m[ADB][0m Getting IDs of all 'io.appium.uiautomator2.server' processes
[38;5;156m[02f816e2][0m[38;5;229m[ADB][0m Running '/Users/shpal/Library/Android/sdk/platform-tools/adb -P 5037 -s RZCXA1E4D9X shell 'pgrep --help; echo $?''
[38;5;156m[02f816e2][0m[38;5;229m[ADB][0m Running '/Users/shpal/Library/Android/sdk/platform-tools/adb -P 5037 -s RZCXA1E4D9X shell pgrep -f \(\[\[:blank:\]\]\|\^\)io\.appium\.uiautomator2\.server\(:\[a-zA-Z0-9_-\]\+\)\?\(\[\[:blank:\]\]\|\$\)'
[38;5;156m[02f816e2][0m[38;5;229m[ADB][0m Running '/Users/shpal/Library/Android/sdk/platform-tools/adb -P 5037 -s RZCXA1E4D9X shell am force-stop io.appium.uiautomator2.server'
[38;5;156m[02f816e2][0m[38;5;229m[ADB][0m Running '/Users/shpal/Library/Android/sdk/platform-tools/adb -P 5037 -s RZCXA1E4D9X shell am force-stop io.appium.uiautomator2.server.test'
[38;5;156m[02f816e2][0m[38;5;229m[ADB][0m Running '/Users/shpal/Library/Android/sdk/platform-tools/adb -P 5037 -s RZCXA1E4D9X shell dumpsys activity services io.appium.settings/.recorder.RecorderService'
[38;5;156m[02f816e2][0m[38;5;229m[ADB][0m Running '/Users/shpal/Library/Android/sdk/platform-tools/adb -P 5037 -s RZCXA1E4D9X shell am force-stop com.here.app.wegoalpha'
[38;5;156m[02f816e2][0m[38;5;229m[ADB][0m Removing forwarded port socket connection: 8200 
[38;5;156m[02f816e2][0m[38;5;229m[ADB][0m Running '/Users/shpal/Library/Android/sdk/platform-tools/adb -P 5037 -s RZCXA1E4D9X forward --remove tcp:8200'
[38;5;156m[02f816e2][0m[38;5;-3m[AndroidUiautomator2Driver@b118][0m Restoring hidden api policy to the device default configuration
[38;5;156m[02f816e2][0m[38;5;229m[ADB][0m Running '/Users/shpal/Library/Android/sdk/platform-tools/adb -P 5037 -s RZCXA1E4D9X shell 'settings delete global hidden_api_policy_pre_p_apps;settings delete global hidden_api_policy_p_apps;settings delete global hidden_api_policy''
[38;5;156m[02f816e2][0m[38;5;160m[Logcat][0m Stopping logcat capture
[38;5;156m[02f816e2][0m[38;5;138m[AppiumDriver@60f4][0m Event 'newSessionStarted' logged at 1745597318391 (21:38:38 GMT+0530 (India Standard Time))
[38;5;156m[02f816e2][0m[38;5;138m[AppiumDriver@60f4][0m Encountered internal error running command: Error: Error executing adbExec. Original error: 'Command '/Users/shpal/Library/Android/sdk/platform-tools/adb -P 5037 -s RZCXA1E4D9X install -r --no-incremental /Users/shpal/Desktop/Web_Automation/wego_wdio_poc/node_modules/appium-uiautomator2-driver/node_modules/appium-uiautomator2-server/apks/appium-uiautomator2-server-v7.3.0.apk' timed out after 20000ms'. Try to increase the 20000ms adb execution timeout represented by 'uiautomator2ServerInstallTimeout' capability
    at Timeout.<anonymous> (/Users/shpal/Desktop/Web_Automation/wego_wdio_poc/node_modules/appium-uiautomator2-driver/node_modules/teen_process/lib/exec.js:122:19)
    at listOnTimeout (node:internal/timers:614:17)
    at processTimers (node:internal/timers:549:7)
[38;5;156m[02f816e2][0m[38;5;86m[HTTP][0m [37m<-- POST /session [39m[31m500[39m [90m21982 ms - 1458[39m [90m[39m
[38;5;86m[HTTP][0m [37m-->[39m [37mPOST[39m [37m/session[39m [90m{"capabilities":{"alwaysMatch":{"platformName":"Android","appium:autoGrantPermissions":true,"appium:deviceName":"RZCXA1E4D9X","appium:platformVersion":"14.0","appium:automationName":"UiAutomator2","appium:appPackage":"com.here.app.wegoalpha","appium:appActivity":"com.here.app.wego.MainActivity","appium:appWaitActivity":"com.here.app.wego.MainActivity"},"firstMatch":[{}]}}[39m
[38;5;138m[AppiumDriver@60f4][0m Calling AppiumDriver.createSession() with args: [null,null,{"alwaysMatch":{"platformName":"Android","appium:autoGrantPermissions":true,"appium:deviceName":"RZCXA1E4D9X","appium:platformVersion":"14.0","appium:automationName":"UiAutomator2","appium:appPackage":"com.here.app.wegoalpha","appium:appActivity":"com.here.app.wego.MainActivity","appium:appWaitActivity":"com.here.app.wego.MainActivity"},"firstMatch":[{}]}]
[38;5;138m[AppiumDriver@60f4][0m Event 'newSessionRequested' logged at 1745597318426 (21:38:38 GMT+0530 (India Standard Time))
[38;5;112m[Appium][0m Attempting to find matching driver for automationName 'UiAutomator2' and platformName 'Android'
[38;5;112m[Appium][0m The 'uiautomator2' driver was installed and matched caps.
[38;5;112m[Appium][0m Will require it at /Users/shpal/Desktop/Web_Automation/wego_wdio_poc/node_modules/appium-uiautomator2-driver
[38;5;112m[Appium][0m Requiring driver at /Users/shpal/Desktop/Web_Automation/wego_wdio_poc/node_modules/appium-uiautomator2-driver/build/index.js
[38;5;138m[AppiumDriver@60f4][0m Appium v2.17.1 creating new AndroidUiautomator2Driver (v4.1.5) session
[38;5;138m[AppiumDriver@60f4][0m Checking BaseDriver versions for Appium and AndroidUiautomator2Driver
[38;5;138m[AppiumDriver@60f4][0m Appium's BaseDriver version is 9.16.4
[38;5;138m[AppiumDriver@60f4][0m AndroidUiautomator2Driver's BaseDriver version is 9.16.4
[38;5;138m[AppiumDriver@60f4][0m Applying relaxed security to 'AndroidUiautomator2Driver' as per server command line argument. All insecure features will be enabled unless explicitly disabled by --deny-insecure
[38;5;-36m[AndroidUiautomator2Driver@c92e][0m 
[38;5;-36m[AndroidUiautomator2Driver@c92e][0m Creating session with W3C capabilities: {
  "alwaysMatch": {
    "platformName": "Android",
    "appium:autoGrantPermissions": true,
    "appium:deviceName": "RZCXA1E4D9X",
    "appium:platformVersion": "14.0",
    "appium:automationName": "UiAutomator2",
    "appium:appPackage": "com.here.app.wegoalpha",
    "appium:appActivity": "com.here.app.wego.MainActivity",
    "appium:appWaitActivity": "com.here.app.wego.MainActivity"
  },
  "firstMatch": [
    {}
  ]
}
[38;5;135m[b7d788e6][0m[38;5;-36m[AndroidUiautomator2Driver@c92e][0m Session created with session id: b7d788e6-ff1d-4b18-b437-d5231736b906
[38;5;135m[b7d788e6][0m[38;5;229m[ADB][0m Using 'adb' from '/Users/shpal/Library/Android/sdk/platform-tools/adb'
[38;5;135m[b7d788e6][0m[38;5;229m[ADB][0m Running '/Users/shpal/Library/Android/sdk/platform-tools/adb -P 5037 start-server'
[38;5;135m[b7d788e6][0m[38;5;-36m[AndroidUiautomator2Driver@c92e][0m Retrieving device list
[38;5;135m[b7d788e6][0m[38;5;229m[ADB][0m Trying to find connected Android devices
[38;5;135m[b7d788e6][0m[38;5;229m[ADB][0m Getting connected devices
[38;5;135m[b7d788e6][0m[38;5;229m[ADB][0m Connected devices: [{"udid":"RZCXA1E4D9X","state":"device"}]
[38;5;135m[b7d788e6][0m[38;5;-36m[AndroidUiautomator2Driver@c92e][0m Looking for a device with Android '14.0.0'
[38;5;135m[b7d788e6][0m[38;5;229m[ADB][0m Setting device id to RZCXA1E4D9X
[38;5;135m[b7d788e6][0m[38;5;229m[ADB][0m Getting device platform version
[38;5;135m[b7d788e6][0m[38;5;229m[ADB][0m Running '/Users/shpal/Library/Android/sdk/platform-tools/adb -P 5037 -s RZCXA1E4D9X shell getprop ro.build.version.release'
[38;5;135m[b7d788e6][0m[38;5;229m[ADB][0m Current device property 'ro.build.version.release': 14
[38;5;135m[b7d788e6][0m[38;5;-36m[AndroidUiautomator2Driver@c92e][0m Using device: RZCXA1E4D9X
[38;5;135m[b7d788e6][0m[38;5;229m[ADB][0m Using 'adb' from '/Users/shpal/Library/Android/sdk/platform-tools/adb'
[38;5;135m[b7d788e6][0m[38;5;229m[ADB][0m Running '/Users/shpal/Library/Android/sdk/platform-tools/adb -P 5037 start-server'
[38;5;135m[b7d788e6][0m[38;5;229m[ADB][0m Setting device id to RZCXA1E4D9X
[38;5;135m[b7d788e6][0m[38;5;-36m[AndroidUiautomator2Driver@c92e][0m Starting 'com.here.app.wegoalpha' directly on the device
[38;5;135m[b7d788e6][0m[38;5;229m[ADB][0m Running '/Users/shpal/Library/Android/sdk/platform-tools/adb -P 5037 -s RZCXA1E4D9X shell getprop ro.build.version.sdk'
[38;5;135m[b7d788e6][0m[38;5;229m[ADB][0m Current device property 'ro.build.version.sdk': 34
[38;5;135m[b7d788e6][0m[38;5;229m[ADB][0m Getting device platform version
[38;5;135m[b7d788e6][0m[38;5;229m[ADB][0m Running '/Users/shpal/Library/Android/sdk/platform-tools/adb -P 5037 -s RZCXA1E4D9X shell getprop ro.build.version.release'
[38;5;135m[b7d788e6][0m[38;5;229m[ADB][0m Current device property 'ro.build.version.release': 14
[38;5;135m[b7d788e6][0m[38;5;229m[ADB][0m Device API level: 34
[38;5;135m[b7d788e6][0m[38;5;-36m[AndroidUiautomator2Driver@c92e][0m Relaxing hidden api policy
[38;5;135m[b7d788e6][0m[38;5;229m[ADB][0m Running '/Users/shpal/Library/Android/sdk/platform-tools/adb -P 5037 -s RZCXA1E4D9X shell 'settings put global hidden_api_policy_pre_p_apps 1;settings put global hidden_api_policy_p_apps 1;settings put global hidden_api_policy 1''
[38;5;135m[b7d788e6][0m[38;5;-36m[AndroidUiautomator2Driver@c92e][0m Pushing settings apk to the device...
[38;5;135m[b7d788e6][0m[38;5;229m[ADB][0m Getting package info for 'io.appium.settings'
[38;5;135m[b7d788e6][0m[38;5;229m[ADB][0m Running '/Users/shpal/Library/Android/sdk/platform-tools/adb -P 5037 -s RZCXA1E4D9X shell dumpsys package io.appium.settings'
[38;5;135m[b7d788e6][0m[38;5;229m[ADB][0m Using 'aapt2' from '/Users/shpal/Library/Android/sdk/build-tools/35.0.1/aapt2'
[38;5;135m[b7d788e6][0m[38;5;229m[ADB][0m Reading package manifest: '/Users/shpal/Library/Android/sdk/build-tools/35.0.1/aapt2 dump badging /Users/shpal/Desktop/Web_Automation/wego_wdio_poc/node_modules/appium-uiautomator2-driver/node_modules/io.appium.settings/apks/settings_apk-debug.apk'
[38;5;135m[b7d788e6][0m[38;5;229m[ADB][0m The version name of the installed 'io.appium.settings' is greater or equal to the application version name ('5.14.4' >= '5.14.4')
[38;5;135m[b7d788e6][0m[38;5;229m[ADB][0m There is no need to install/upgrade '/Users/shpal/Desktop/Web_Automation/wego_wdio_poc/node_modules/appium-uiautomator2-driver/node_modules/io.appium.settings/apks/settings_apk-debug.apk'
[38;5;135m[b7d788e6][0m[38;5;229m[ADB][0m Running '/Users/shpal/Library/Android/sdk/platform-tools/adb -P 5037 -s RZCXA1E4D9X shell dumpsys activity services io.appium.settings'
[38;5;135m[b7d788e6][0m[38;5;-36m[AndroidUiautomator2Driver@c92e][0m io.appium.settings is already running. There is no need to reset its permissions.
[38;5;135m[b7d788e6][0m[38;5;160m[Logcat][0m Starting logs capture with command: /Users/shpal/Library/Android/sdk/platform-tools/adb -P 5037 -s RZCXA1E4D9X logcat -v threadtime
[38;5;135m[b7d788e6][0m[38;5;229m[ADB][0m Running '/Users/shpal/Library/Android/sdk/platform-tools/adb -P 5037 -s RZCXA1E4D9X shell appops set io.appium.settings android:mock_location allow'
[38;5;135m[b7d788e6][0m[38;5;229m[ADB][0m Running '/Users/shpal/Library/Android/sdk/platform-tools/adb -P 5037 -s RZCXA1E4D9X shell "[ -e '/data/local/tmp/mock_apps.json' ] && echo __PASS__"'
[38;5;135m[b7d788e6][0m[38;5;229m[ADB][0m Running '/Users/shpal/Library/Android/sdk/platform-tools/adb -P 5037 -s RZCXA1E4D9X shell cat /data/local/tmp/mock_apps.json'
[38;5;135m[b7d788e6][0m[38;5;-36m[AndroidUiautomator2Driver@c92e][0m Forwarding UiAutomator2 Server port 6790 to local port 8200
[38;5;135m[b7d788e6][0m[38;5;229m[ADB][0m Forwarding system: 8200 to device: 6790
[38;5;135m[b7d788e6][0m[38;5;229m[ADB][0m Running '/Users/shpal/Library/Android/sdk/platform-tools/adb -P 5037 -s RZCXA1E4D9X forward tcp:8200 tcp:6790'
[38;5;135m[b7d788e6][0m[38;5;-36m[AndroidUiautomator2Driver@c92e][0m UIA2Proxy options: {"server":"127.0.0.1","port":8200,"keepAlive":true,"scheme":"http","base":"","reqBasePath":"","sessionId":null,"timeout":240000}
[38;5;135m[b7d788e6][0m[38;5;229m[ADB][0m Getting package info for 'io.appium.uiautomator2.server'
[38;5;135m[b7d788e6][0m[38;5;229m[ADB][0m Running '/Users/shpal/Library/Android/sdk/platform-tools/adb -P 5037 -s RZCXA1E4D9X shell dumpsys package io.appium.uiautomator2.server'
[38;5;135m[b7d788e6][0m[38;5;229m[ADB][0m Getting install status for io.appium.uiautomator2.server.test
[38;5;135m[b7d788e6][0m[38;5;-36m[AndroidUiautomator2Driver@c92e][0m No app capability. Assuming it is already on the device
[38;5;135m[b7d788e6][0m[38;5;229m[ADB][0m Getting install status for com.here.app.wegoalpha
[38;5;135m[b7d788e6][0m[38;5;229m[ADB][0m Running '/Users/shpal/Library/Android/sdk/platform-tools/adb -P 5037 -s RZCXA1E4D9X shell cmd package list packages'
[38;5;135m[b7d788e6][0m[38;5;229m[ADB][0m Running '/Users/shpal/Library/Android/sdk/platform-tools/adb -P 5037 -s RZCXA1E4D9X shell cmd package list packages'
[38;5;135m[b7d788e6][0m[38;5;229m[ADB][0m 'io.appium.uiautomator2.server.test' is installed
[38;5;135m[b7d788e6][0m[38;5;229m[ADB][0m 'com.here.app.wegoalpha' is installed
[38;5;135m[b7d788e6][0m[38;5;229m[ADB][0m Running '/Users/shpal/Library/Android/sdk/platform-tools/adb -P 5037 -s RZCXA1E4D9X shell am force-stop com.here.app.wegoalpha'
[38;5;135m[b7d788e6][0m[38;5;229m[ADB][0m Reading package manifest: '/Users/shpal/Library/Android/sdk/build-tools/35.0.1/aapt2 dump badging /Users/shpal/Desktop/Web_Automation/wego_wdio_poc/node_modules/appium-uiautomator2-driver/node_modules/appium-uiautomator2-server/apks/appium-uiautomator2-server-v7.3.0.apk'
[38;5;135m[b7d788e6][0m[38;5;229m[ADB][0m The version name of the installed 'io.appium.uiautomator2.server' is greater or equal to the application version name ('7.3.0' >= '7.3.0')
[38;5;135m[b7d788e6][0m[38;5;-36m[AndroidUiautomator2Driver@c92e][0m Server packages status: [{"installState":"sameVersionInstalled","appPath":"/Users/shpal/Desktop/Web_Automation/wego_wdio_poc/node_modules/appium-uiautomator2-driver/node_modules/appium-uiautomator2-server/apks/appium-uiautomator2-server-v7.3.0.apk","appId":"io.appium.uiautomator2.server"},{"installState":"sameVersionInstalled","appPath":"/Users/shpal/Desktop/Web_Automation/wego_wdio_poc/node_modules/appium-uiautomator2-driver/node_modules/appium-uiautomator2-server/apks/appium-uiautomator2-server-debug-androidTest.apk","appId":"io.appium.uiautomator2.server.test"}]
[38;5;135m[b7d788e6][0m[38;5;-36m[AndroidUiautomator2Driver@c92e][0m Server packages are not going to be (re)installed
[38;5;135m[b7d788e6][0m[38;5;-36m[AndroidUiautomator2Driver@c92e][0m Waiting up to 30000ms for services to be available
[38;5;135m[b7d788e6][0m[38;5;229m[ADB][0m Running '/Users/shpal/Library/Android/sdk/platform-tools/adb -P 5037 -s RZCXA1E4D9X shell pm list instrumentation'
[38;5;135m[b7d788e6][0m[38;5;-36m[AndroidUiautomator2Driver@c92e][0m Instrumentation target 'io.appium.uiautomator2.server.test/androidx.test.runner.AndroidJUnitRunner' is available
[38;5;135m[b7d788e6][0m[38;5;229m[ADB][0m Adding packages ["io.appium.settings","io.appium.uiautomator2.server","io.appium.uiautomator2.server.test"] to Doze whitelist
[38;5;135m[b7d788e6][0m[38;5;229m[ADB][0m Got the following command chunks to execute: [["dumpsys","deviceidle","whitelist","+io.appium.settings",";","dumpsys","deviceidle","whitelist","+io.appium.uiautomator2.server",";","dumpsys","deviceidle","whitelist","+io.appium.uiautomator2.server.test",";"]]
[38;5;135m[b7d788e6][0m[38;5;229m[ADB][0m Running '/Users/shpal/Library/Android/sdk/platform-tools/adb -P 5037 -s RZCXA1E4D9X shell dumpsys deviceidle whitelist +io.appium.settings ; dumpsys deviceidle whitelist +io.appium.uiautomator2.server ; dumpsys deviceidle whitelist +io.appium.uiautomator2.server.test ;'
[38;5;135m[b7d788e6][0m[38;5;229m[ADB][0m Running '/Users/shpal/Library/Android/sdk/platform-tools/adb -P 5037 -s RZCXA1E4D9X shell pm clear com.here.app.wegoalpha'
[38;5;135m[b7d788e6][0m[38;5;229m[ADB][0m Running '/Users/shpal/Library/Android/sdk/platform-tools/adb -P 5037 -s RZCXA1E4D9X shell dumpsys package com.here.app.wegoalpha'
[38;5;135m[b7d788e6][0m[38;5;229m[ADB][0m Retrieving requested permissions
[38;5;135m[b7d788e6][0m[38;5;229m[ADB][0m Retrieved 20 permissions from requested group
[38;5;135m[b7d788e6][0m[38;5;229m[ADB][0m Retrieving granted permissions
[38;5;135m[b7d788e6][0m[38;5;229m[ADB][0m Retrieved 15 permissions from install,runtime groups
[38;5;135m[b7d788e6][0m[38;5;229m[ADB][0m Granting permissions ["android.permission.ACCESS_COARSE_LOCATION","android.permission.ACCESS_FINE_LOCATION","android.permission.POST_NOTIFICATIONS","android.permission.RECORD_AUDIO","android.permission.BLUETOOTH_CONNECT"] to 'com.here.app.wegoalpha'
[38;5;135m[b7d788e6][0m[38;5;229m[ADB][0m Got the following command chunks to execute: [["pm","grant","com.here.app.wegoalpha","android.permission.ACCESS_COARSE_LOCATION",";","pm","grant","com.here.app.wegoalpha","android.permission.ACCESS_FINE_LOCATION",";","pm","grant","com.here.app.wegoalpha","android.permission.POST_NOTIFICATIONS",";","pm","grant","com.here.app.wegoalpha","android.permission.RECORD_AUDIO",";","pm","grant","com.here.app.wegoalpha","android.permission.BLUETOOTH_CONNECT",";"]]
[38;5;135m[b7d788e6][0m[38;5;229m[ADB][0m Running '/Users/shpal/Library/Android/sdk/platform-tools/adb -P 5037 -s RZCXA1E4D9X shell pm grant com.here.app.wegoalpha android.permission.ACCESS_COARSE_LOCATION ; pm grant com.here.app.wegoalpha android.permission.ACCESS_FINE_LOCATION ; pm grant com.here.app.wegoalpha android.permission.POST_NOTIFICATIONS ; pm grant com.here.app.wegoalpha android.permission.RECORD_AUDIO ; pm grant com.here.app.wegoalpha android.permission.BLUETOOTH_CONNECT ;'
[38;5;135m[b7d788e6][0m[38;5;-36m[AndroidUiautomator2Driver@c92e][0m Performed fast reset on the installed 'com.here.app.wegoalpha' application (stop and clear)
[38;5;135m[b7d788e6][0m[38;5;-36m[AndroidUiautomator2Driver@c92e][0m Performing shallow cleanup of automation leftovers
[38;5;135m[b7d788e6][0m[38;5;-36m[AndroidUiautomator2Driver@c92e][0m No obsolete sessions have been detected (socket hang up)
[38;5;135m[b7d788e6][0m[38;5;229m[ADB][0m Running '/Users/shpal/Library/Android/sdk/platform-tools/adb -P 5037 -s RZCXA1E4D9X shell am force-stop io.appium.uiautomator2.server'
[38;5;135m[b7d788e6][0m[38;5;229m[ADB][0m Running '/Users/shpal/Library/Android/sdk/platform-tools/adb -P 5037 -s RZCXA1E4D9X shell am force-stop io.appium.uiautomator2.server.test'
[38;5;135m[b7d788e6][0m[38;5;-36m[AndroidUiautomator2Driver@c92e][0m Starting UIAutomator2 server 7.3.0
[38;5;135m[b7d788e6][0m[38;5;-36m[AndroidUiautomator2Driver@c92e][0m Using UIAutomator2 server from '/Users/shpal/Desktop/Web_Automation/wego_wdio_poc/node_modules/appium-uiautomator2-driver/node_modules/appium-uiautomator2-server/apks/appium-uiautomator2-server-v7.3.0.apk' and test from '/Users/shpal/Desktop/Web_Automation/wego_wdio_poc/node_modules/appium-uiautomator2-driver/node_modules/appium-uiautomator2-server/apks/appium-uiautomator2-server-debug-androidTest.apk'
[38;5;135m[b7d788e6][0m[38;5;-36m[AndroidUiautomator2Driver@c92e][0m Waiting up to 30000ms for UiAutomator2 to be online...
[38;5;135m[b7d788e6][0m[38;5;229m[ADB][0m Creating ADB subprocess with args: ["-P","5037","-s","RZCXA1E4D9X","shell","am","instrument","-w","-e","disableAnalytics","true","io.appium.uiautomator2.server.test/androidx.test.runner.AndroidJUnitRunner"]
[38;5;135m[b7d788e6][0m[38;5;-36m[AndroidUiautomator2Driver@c92e][0m Matched '/status' to command name 'getStatus'
[38;5;135m[b7d788e6][0m[38;5;-36m[AndroidUiautomator2Driver@c92e][0m Proxying [GET /status] to [GET http://127.0.0.1:8200/status] with no body
[38;5;135m[b7d788e6][0m[38;5;-36m[AndroidUiautomator2Driver@c92e][0m socket hang up
[38;5;135m[b7d788e6][0m[38;5;-36m[AndroidUiautomator2Driver@c92e][0m Matched '/status' to command name 'getStatus'
[38;5;135m[b7d788e6][0m[38;5;-36m[AndroidUiautomator2Driver@c92e][0m Proxying [GET /status] to [GET http://127.0.0.1:8200/status] with no body
[38;5;135m[b7d788e6][0m[38;5;-36m[AndroidUiautomator2Driver@c92e][0m socket hang up
[38;5;135m[b7d788e6][0m[38;5;-36m[AndroidUiautomator2Driver@c92e][0m [Instrumentation] 
[38;5;135m[b7d788e6][0m[38;5;-36m[AndroidUiautomator2Driver@c92e][0m Matched '/status' to command name 'getStatus'
[38;5;135m[b7d788e6][0m[38;5;-36m[AndroidUiautomator2Driver@c92e][0m Proxying [GET /status] to [GET http://127.0.0.1:8200/status] with no body
[38;5;135m[b7d788e6][0m[38;5;-36m[AndroidUiautomator2Driver@c92e][0m Got response with status 200: {"sessionId":"None","value":{"message":"UiAutomator2 Server is ready to accept commands","ready":true}}
[38;5;135m[b7d788e6][0m[38;5;-36m[AndroidUiautomator2Driver@c92e][0m The initialization of the instrumentation process took 2126ms
[38;5;135m[b7d788e6][0m[38;5;-36m[AndroidUiautomator2Driver@c92e][0m Matched '/session' to command name 'createSession'
[38;5;135m[b7d788e6][0m[38;5;-36m[AndroidUiautomator2Driver@c92e][0m Proxying [POST /session] to [POST http://127.0.0.1:8200/session] with body: {"capabilities":{"firstMatch":[{"platformName":"Android","autoGrantPermissions":true,"deviceName":"RZCXA1E4D9X","platformVersion":"14.0","automationName":"UiAutomator2","appPackage":"com.here.app.wegoalpha","appActivity":"com.here.app.wego.MainActivity","appWaitActivity":"com.here.app.wego.MainActivity","platform":"LINUX","webStorageEnabled":false,"takesScreenshot":true,"javascriptEnabled":true,"databaseEnabled":false,"networkConnectionEnabled":true,"locationContextEnabled":false,"warnings":{},"desired":{"platformName":"Android","autoGrantPermissions":true,"deviceName":"RZCXA1E4D9X","platformVersion":"14.0","automationName":"UiAutomator2","appPackage":"com.here.app.wegoalpha","appActivity":"com.here.app.wego.MainActivity","appWaitActivity":"com.here.app.wego.MainActivity"},"deviceUDID":"RZCXA1E4D9X"}],"alwaysMatch":{}}}
[38;5;135m[b7d788e6][0m[38;5;-36m[AndroidUiautomator2Driver@c92e][0m Got response with status 200: {"sessionId":"fd360031-b69f-4cda-91f7-4a794de3ae2b","value":{"capabilities":{"firstMatch":[{"platformName":"Android","autoGrantPermissions":true,"deviceName":"RZCXA1E4D9X","platformVersion":"14.0","automationName":"UiAutomator2","appPackage":"com.here.app.wegoalpha","appActivity":"com.here.app.wego.MainActivity","appWaitActivity":"com.here.app.wego.MainActivity","platform":"LINUX","webStorageEnabled":false,"takesScreenshot":true,"javascriptEnabled":true,"databaseEnabled":false,"networkConnectionEnabled":true,"locationContextEnabled":false,"warnings":{},"desired":{"platformName":"Android","autoGrantPermissions":true,"deviceName":"RZCXA1E4D9X","platformVersion":"14.0","automationName":"UiAutomator2","appPackage":"com.here.app.wegoalpha","appActivity":"com.here.app.wego.MainActivity","appWaitActivity":"com.here.app.wego.MainActivity"},"deviceUDID":"RZCXA1E4D9X"}],"alwaysMatch":{}},"sessionId":"fd360031-b69f-4cda-91f7-4a794de3ae2b"}}
[38;5;135m[b7d788e6][0m[38;5;-36m[AndroidUiautomator2Driver@c92e][0m Determined the downstream protocol as 'W3C'
[38;5;135m[b7d788e6][0m[38;5;-36m[AndroidUiautomator2Driver@c92e][0m Proxying [GET /appium/device/pixel_ratio] to [GET http://127.0.0.1:8200/session/fd360031-b69f-4cda-91f7-4a794de3ae2b/appium/device/pixel_ratio] with no body
[38;5;135m[b7d788e6][0m[38;5;-36m[AndroidUiautomator2Driver@c92e][0m Matched '/appium/device/system_bars' to command name 'getSystemBars'
[38;5;135m[b7d788e6][0m[38;5;-36m[AndroidUiautomator2Driver@c92e][0m Proxying [GET /appium/device/system_bars] to [GET http://127.0.0.1:8200/session/fd360031-b69f-4cda-91f7-4a794de3ae2b/appium/device/system_bars] with no body
[38;5;135m[b7d788e6][0m[38;5;-36m[AndroidUiautomator2Driver@c92e][0m Matched '/window/current/size' to command name 'getWindowSize'
[38;5;135m[b7d788e6][0m[38;5;-36m[AndroidUiautomator2Driver@c92e][0m Proxying [GET /window/current/size] to [GET http://127.0.0.1:8200/session/fd360031-b69f-4cda-91f7-4a794de3ae2b/window/current/size] with no body
[38;5;135m[b7d788e6][0m[38;5;-36m[AndroidUiautomator2Driver@c92e][0m Proxying [GET /appium/device/info] to [GET http://127.0.0.1:8200/session/fd360031-b69f-4cda-91f7-4a794de3ae2b/appium/device/info] with no body
[38;5;135m[b7d788e6][0m[38;5;229m[ADB][0m Running '/Users/shpal/Library/Android/sdk/platform-tools/adb -P 5037 -s RZCXA1E4D9X shell dumpsys window'
[38;5;135m[b7d788e6][0m[38;5;229m[ADB][0m Running '/Users/shpal/Library/Android/sdk/platform-tools/adb -P 5037 -s RZCXA1E4D9X shell dumpsys power'
[38;5;135m[b7d788e6][0m[38;5;-36m[AndroidUiautomator2Driver@c92e][0m Got response with status 200: {"sessionId":"fd360031-b69f-4cda-91f7-4a794de3ae2b","value":2.8125}
[38;5;135m[b7d788e6][0m[38;5;-36m[AndroidUiautomator2Driver@c92e][0m Got response with status 200: {"sessionId":"fd360031-b69f-4cda-91f7-4a794de3ae2b","value":{"height":2340,"width":1080}}
[38;5;135m[b7d788e6][0m[38;5;-36m[AndroidUiautomator2Driver@c92e][0m Got response with status 200: {"sessionId":"fd360031-b69f-4cda-91f7-4a794de3ae2b","value":{"statusBar":89}}
[38;5;135m[b7d788e6][0m[38;5;-36m[AndroidUiautomator2Driver@c92e][0m Got response with status 200: {"sessionId":"fd360031-b69f-4cda-91f7-4a794de3ae2b","value":{"androidId":"913f01e967c19e2d","apiVersion":"34","bluetooth":{"state":"OFF"},"brand":"samsung","carrierName":"","displayDensity":450,"locale":"en_GB","manufacturer":"samsung","model":"SM-A556E","networks":[{"capabilities":{"SSID":null,"linkDownBandwidthKbps":11196,"linkUpstreamBandwidthKbps":4520,"networkCapabilities":"NET_CAPABILITY_NOT_METERED,NET_CAPABILITY_INTERNET,NET_CAPABILITY_NOT_RESTRICTED,NET_CAPABILITY_TRUSTED,NET_CAPABILITY_NOT_VPN,NET_CAPABILITY_VALIDATED,NET_CAPABILITY_NOT_ROAMING,NET_CAPABILITY_FOREGROUND,NET_CAPABILITY_NOT_CONGESTED,NET_CAPABILITY_NOT_SUSPENDED","signalStrength":-53,"transportTypes":"TRANSPORT_WIFI"},"detailedState":"CONNECTED","extraInfo":"","isAvailable":true,"isConnected":true,"isFailover":false,"isRoaming":false,"state":"CONNECTED","subtype":-1,"subtypeName":"","type":1,"typeName":"WIFI"}],"platformVersion":"14","realDisplaySize":"1080x2340","timeZone":"Asia/Kolkata"}}
[38;5;135m[b7d788e6][0m[38;5;-36m[AndroidUiautomator2Driver@c92e][0m Screen already unlocked, doing nothing
[38;5;135m[b7d788e6][0m[38;5;-36m[AndroidUiautomator2Driver@c92e][0m Starting 'com.here.app.wegoalpha/com.here.app.wego.MainActivity' and waiting for 'com.here.app.wegoalpha/com.here.app.wego.MainActivity'
[38;5;135m[b7d788e6][0m[38;5;229m[ADB][0m Running '/Users/shpal/Library/Android/sdk/platform-tools/adb -P 5037 -s RZCXA1E4D9X shell am start-activity -W -n com.here.app.wegoalpha/com.here.app.wego.MainActivity -S -a android.intent.action.MAIN -c android.intent.category.LAUNCHER -f 0x10200000'
[38;5;112m[467b72a3][0m[38;5;86m[HTTP][0m [37m-->[39m [37mGET[39m [37m/session/467b72a3-b504-4883-bc09-56ceda57c295/timeouts[39m [90m{}[39m
[38;5;112m[467b72a3][0m[38;5;138m[AppiumDriver@60f4][0m Encountered internal error running command: NoSuchDriverError: A session is either terminated or not started
    at asyncHandler (/Users/shpal/Desktop/Web_Automation/wego_wdio_poc/node_modules/@appium/base-driver/lib/protocol/protocol.js:311:15)
    at /Users/shpal/Desktop/Web_Automation/wego_wdio_poc/node_modules/@appium/base-driver/lib/protocol/protocol.js:514:15
    at Layer.handle [as handle_request] (/Users/shpal/Desktop/Web_Automation/wego_wdio_poc/node_modules/express/lib/router/layer.js:95:5)
    at next (/Users/shpal/Desktop/Web_Automation/wego_wdio_poc/node_modules/express/lib/router/route.js:149:13)
    at Route.dispatch (/Users/shpal/Desktop/Web_Automation/wego_wdio_poc/node_modules/express/lib/router/route.js:119:3)
    at Layer.handle [as handle_request] (/Users/shpal/Desktop/Web_Automation/wego_wdio_poc/node_modules/express/lib/router/layer.js:95:5)
    at /Users/shpal/Desktop/Web_Automation/wego_wdio_poc/node_modules/express/lib/router/index.js:284:15
    at param (/Users/shpal/Desktop/Web_Automation/wego_wdio_poc/node_modules/express/lib/router/index.js:365:14)
    at param (/Users/shpal/Desktop/Web_Automation/wego_wdio_poc/node_modules/express/lib/router/index.js:376:14)
    at Function.process_params (/Users/shpal/Desktop/Web_Automation/wego_wdio_poc/node_modules/express/lib/router/index.js:421:3)
    at next (/Users/shpal/Desktop/Web_Automation/wego_wdio_poc/node_modules/express/lib/router/index.js:280:10)
    at logger (/Users/shpal/Desktop/Web_Automation/wego_wdio_poc/node_modules/morgan/index.js:144:5)
    at Layer.handle [as handle_request] (/Users/shpal/Desktop/Web_Automation/wego_wdio_poc/node_modules/express/lib/router/layer.js:95:5)
    at trim_prefix (/Users/shpal/Desktop/Web_Automation/wego_wdio_poc/node_modules/express/lib/router/index.js:328:13)
    at /Users/shpal/Desktop/Web_Automation/wego_wdio_poc/node_modules/express/lib/router/index.js:286:9
    at Function.process_params (/Users/shpal/Desktop/Web_Automation/wego_wdio_poc/node_modules/express/lib/router/index.js:346:12)
    at next (/Users/shpal/Desktop/Web_Automation/wego_wdio_poc/node_modules/express/lib/router/index.js:280:10)
    at jsonParser (/Users/shpal/Desktop/Web_Automation/wego_wdio_poc/node_modules/body-parser/lib/types/json.js:113:7)
    at Layer.handle [as handle_request] (/Users/shpal/Desktop/Web_Automation/wego_wdio_poc/node_modules/express/lib/router/layer.js:95:5)
    at trim_prefix (/Users/shpal/Desktop/Web_Automation/wego_wdio_poc/node_modules/express/lib/router/index.js:328:13)
    at /Users/shpal/Desktop/Web_Automation/wego_wdio_poc/node_modules/express/lib/router/index.js:286:9
    at Function.process_params (/Users/shpal/Desktop/Web_Automation/wego_wdio_poc/node_modules/express/lib/router/index.js:346:12)
[38;5;112m[467b72a3][0m[38;5;86m[HTTP][0m [37m<-- GET /session/467b72a3-b504-4883-bc09-56ceda57c295/timeouts [39m[33m404[39m [90m8 ms - 2857[39m [90m[39m
[38;5;135m[b7d788e6][0m[38;5;229m[ADB][0m Expected package names to be focused within 20000ms: 'com.here.app.wegoalpha'
[38;5;135m[b7d788e6][0m[38;5;229m[ADB][0m Expected activity name patterns to be focused within 20000ms: '/^com\.here\.app\.wego\.MainActivity$/', '/^com\.here\.app\.wegoalpha\.com\.here\.app\.wego\.MainActivity$/'
[38;5;135m[b7d788e6][0m[38;5;229m[ADB][0m Getting focused package and activity
[38;5;135m[b7d788e6][0m[38;5;229m[ADB][0m Running '/Users/shpal/Library/Android/sdk/platform-tools/adb -P 5037 -s RZCXA1E4D9X shell dumpsys window displays'
[38;5;135m[b7d788e6][0m[38;5;229m[ADB][0m Focused package: com.here.app.wegoalpha
[38;5;135m[b7d788e6][0m[38;5;229m[ADB][0m Focused fully qualified activity name: com.here.app.wego.MainActivity
[38;5;135m[b7d788e6][0m[38;5;138m[AppiumDriver@60f4][0m New AndroidUiautomator2Driver session created successfully, session b7d788e6-ff1d-4b18-b437-d5231736b906 added to master session list
[38;5;135m[b7d788e6][0m[38;5;138m[AppiumDriver@60f4][0m Event 'newSessionStarted' logged at 1745597325445 (21:38:45 GMT+0530 (India Standard Time))
[38;5;135m[b7d788e6][0m[38;5;-36m[AndroidUiautomator2Driver@c92e][0m Cached the protocol value 'W3C' for the new session b7d788e6-ff1d-4b18-b437-d5231736b906
[38;5;135m[b7d788e6][0m[38;5;-36m[AndroidUiautomator2Driver@c92e][0m Responding to client with driver.createSession() result: {"capabilities":{"platformName":"Android","autoGrantPermissions":true,"deviceName":"RZCXA1E4D9X","platformVersion":"14","automationName":"UiAutomator2","appPackage":"com.here.app.wegoalpha","appActivity":"com.here.app.wego.MainActivity","appWaitActivity":"com.here.app.wego.MainActivity","platform":"LINUX","webStorageEnabled":false,"takesScreenshot":true,"javascriptEnabled":true,"databaseEnabled":false,"networkConnectionEnabled":true,"locationContextEnabled":false,"warnings":{},"desired":{"platformName":"Android","autoGrantPermissions":true,"deviceName":"RZCXA1E4D9X","platformVersion":"14.0","automationName":"UiAutomator2","appPackage":"com.here.app.wegoalpha","appActivity":"com.here.app.wego.MainActivity","appWaitActivity":"com.here.app.wego.MainActivity"},"deviceUDID":"RZCXA1E4D9X","pixelRatio":"2.8125","statBarHeight":89,"viewportRect":{"left":0,"top":89,"width":1080,"height":2251},"deviceApiLevel":34,"deviceManufacturer":"samsung","deviceModel":"SM-A556E","deviceScreenSize":"1080x2340","deviceScreenDens...
[38;5;135m[b7d788e6][0m[38;5;86m[HTTP][0m [37m<-- POST /session [39m[32m200[39m [90m7021 ms - 1092[39m [90m[39m
[38;5;135m[b7d788e6][0m[38;5;86m[HTTP][0m [37m-->[39m [37mPOST[39m [37m/session/b7d788e6-ff1d-4b18-b437-d5231736b906/element[39m [90m{"using":"-android uiautomator","value":"new UiSelector().resourceId(\"ftu_primary_button_next\")"}[39m
[38;5;135m[b7d788e6][0m[38;5;-36m[AndroidUiautomator2Driver@c92e][0m Calling AppiumDriver.findElement() with args: ["-android uiautomator","new UiSelector().resourceId(\"ftu_primary_button_next\")","b7d788e6-ff1d-4b18-b437-d5231736b906"]
[38;5;135m[b7d788e6][0m[38;5;-36m[AndroidUiautomator2Driver@c92e][0m Valid locator strategies for this request: xpath, id, class name, accessibility id, css selector, -android uiautomator
[38;5;135m[b7d788e6][0m[38;5;-36m[AndroidUiautomator2Driver@c92e][0m Waiting up to 0 ms for condition
[38;5;135m[b7d788e6][0m[38;5;-36m[AndroidUiautomator2Driver@c92e][0m Matched '/element' to command name 'findElement'
[38;5;135m[b7d788e6][0m[38;5;-36m[AndroidUiautomator2Driver@c92e][0m Proxying [POST /element] to [POST http://127.0.0.1:8200/session/fd360031-b69f-4cda-91f7-4a794de3ae2b/element] with body: {"strategy":"-android uiautomator","selector":"new UiSelector().resourceId(\"ftu_primary_button_next\")","context":"","multiple":false}
[38;5;135m[b7d788e6][0m[38;5;-36m[AndroidUiautomator2Driver@c92e][0m Got response with status 200: {"sessionId":"fd360031-b69f-4cda-91f7-4a794de3ae2b","value":{"ELEMENT":"00000000-0000-0379-0000-000700000005","element-6066-11e4-a52e-4f735466cecf":"00000000-0000-0379-0000-000700000005"}}
[38;5;135m[b7d788e6][0m[38;5;-36m[AndroidUiautomator2Driver@c92e][0m Responding to client with driver.findElement() result: {"element-6066-11e4-a52e-4f735466cecf":"00000000-0000-0379-0000-000700000005","ELEMENT":"00000000-0000-0379-0000-000700000005"}
[38;5;135m[b7d788e6][0m[38;5;86m[HTTP][0m [37m<-- POST /session/b7d788e6-ff1d-4b18-b437-d5231736b906/element [39m[32m200[39m [90m110 ms - 137[39m [90m[39m
[38;5;135m[b7d788e6][0m[38;5;86m[HTTP][0m [37m-->[39m [37mGET[39m [37m/session/b7d788e6-ff1d-4b18-b437-d5231736b906/element/00000000-0000-0379-0000-000700000005/displayed[39m [90m{}[39m
[38;5;135m[b7d788e6][0m[38;5;-36m[AndroidUiautomator2Driver@c92e][0m Calling AppiumDriver.elementDisplayed() with args: ["00000000-0000-0379-0000-000700000005","b7d788e6-ff1d-4b18-b437-d5231736b906"]
[38;5;135m[b7d788e6][0m[38;5;-36m[AndroidUiautomator2Driver@c92e][0m Matched '/element/00000000-0000-0379-0000-000700000005/attribute/displayed' to command name 'getAttribute'
[38;5;135m[b7d788e6][0m[38;5;-36m[AndroidUiautomator2Driver@c92e][0m Proxying [GET /element/00000000-0000-0379-0000-000700000005/attribute/displayed] to [GET http://127.0.0.1:8200/session/fd360031-b69f-4cda-91f7-4a794de3ae2b/element/00000000-0000-0379-0000-000700000005/attribute/displayed] with no body
[38;5;135m[b7d788e6][0m[38;5;-36m[AndroidUiautomator2Driver@c92e][0m Got response with status 200: {"sessionId":"fd360031-b69f-4cda-91f7-4a794de3ae2b","value":"true"}
[38;5;135m[b7d788e6][0m[38;5;-36m[AndroidUiautomator2Driver@c92e][0m Responding to client with driver.elementDisplayed() result: true
[38;5;135m[b7d788e6][0m[38;5;86m[HTTP][0m [37m<-- GET /session/b7d788e6-ff1d-4b18-b437-d5231736b906/element/00000000-0000-0379-0000-000700000005/displayed [39m[32m200[39m [90m471 ms - 14[39m [90m[39m
[38;5;135m[b7d788e6][0m[38;5;86m[HTTP][0m [37m-->[39m [37mPOST[39m [37m/session/b7d788e6-ff1d-4b18-b437-d5231736b906/element/00000000-0000-0379-0000-000700000005/click[39m [90m{}[39m
[38;5;135m[b7d788e6][0m[38;5;-36m[AndroidUiautomator2Driver@c92e][0m Calling AppiumDriver.click() with args: ["00000000-0000-0379-0000-000700000005","b7d788e6-ff1d-4b18-b437-d5231736b906"]
[38;5;135m[b7d788e6][0m[38;5;-36m[AndroidUiautomator2Driver@c92e][0m Matched '/element/00000000-0000-0379-0000-000700000005/click' to command name 'click'
[38;5;135m[b7d788e6][0m[38;5;-36m[AndroidUiautomator2Driver@c92e][0m Proxying [POST /element/00000000-0000-0379-0000-000700000005/click] to [POST http://127.0.0.1:8200/session/fd360031-b69f-4cda-91f7-4a794de3ae2b/element/00000000-0000-0379-0000-000700000005/click] with body: {"element":"00000000-0000-0379-0000-000700000005"}
[38;5;135m[b7d788e6][0m[38;5;-36m[AndroidUiautomator2Driver@c92e][0m Got response with status 200: {"sessionId":"fd360031-b69f-4cda-91f7-4a794de3ae2b","value":null}
[38;5;135m[b7d788e6][0m[38;5;-36m[AndroidUiautomator2Driver@c92e][0m Responding to client with driver.click() result: null
[38;5;135m[b7d788e6][0m[38;5;86m[HTTP][0m [37m<-- POST /session/b7d788e6-ff1d-4b18-b437-d5231736b906/element/00000000-0000-0379-0000-000700000005/click [39m[32m200[39m [90m1096 ms - 14[39m [90m[39m
[38;5;135m[b7d788e6][0m[38;5;86m[HTTP][0m [37m-->[39m [37mPOST[39m [37m/session/b7d788e6-ff1d-4b18-b437-d5231736b906/element[39m [90m{"using":"-android uiautomator","value":"new UiSelector().resourceId(\"ftu_primary_button_share_traffic_info\")"}[39m
[38;5;135m[b7d788e6][0m[38;5;-36m[AndroidUiautomator2Driver@c92e][0m Calling AppiumDriver.findElement() with args: ["-android uiautomator","new UiSelector().resourceId(\"ftu_primary_button_share_traffic_info\")","b7d788e6-ff1d-4b18-b437-d5231736b906"]
[38;5;135m[b7d788e6][0m[38;5;-36m[AndroidUiautomator2Driver@c92e][0m Valid locator strategies for this request: xpath, id, class name, accessibility id, css selector, -android uiautomator
[38;5;135m[b7d788e6][0m[38;5;-36m[AndroidUiautomator2Driver@c92e][0m Waiting up to 0 ms for condition
[38;5;135m[b7d788e6][0m[38;5;-36m[AndroidUiautomator2Driver@c92e][0m Matched '/element' to command name 'findElement'
[38;5;135m[b7d788e6][0m[38;5;-36m[AndroidUiautomator2Driver@c92e][0m Proxying [POST /element] to [POST http://127.0.0.1:8200/session/fd360031-b69f-4cda-91f7-4a794de3ae2b/element] with body: {"strategy":"-android uiautomator","selector":"new UiSelector().resourceId(\"ftu_primary_button_share_traffic_info\")","context":"","multiple":false}
[38;5;135m[b7d788e6][0m[38;5;-36m[AndroidUiautomator2Driver@c92e][0m Got response with status 200: {"sessionId":"fd360031-b69f-4cda-91f7-4a794de3ae2b","value":{"ELEMENT":"00000000-0000-0379-0000-001500000005","element-6066-11e4-a52e-4f735466cecf":"00000000-0000-0379-0000-001500000005"}}
[38;5;135m[b7d788e6][0m[38;5;-36m[AndroidUiautomator2Driver@c92e][0m Responding to client with driver.findElement() result: {"element-6066-11e4-a52e-4f735466cecf":"00000000-0000-0379-0000-001500000005","ELEMENT":"00000000-0000-0379-0000-001500000005"}
[38;5;135m[b7d788e6][0m[38;5;86m[HTTP][0m [37m<-- POST /session/b7d788e6-ff1d-4b18-b437-d5231736b906/element [39m[32m200[39m [90m80 ms - 137[39m [90m[39m
[38;5;135m[b7d788e6][0m[38;5;86m[HTTP][0m [37m-->[39m [37mGET[39m [37m/session/b7d788e6-ff1d-4b18-b437-d5231736b906/element/00000000-0000-0379-0000-001500000005/displayed[39m [90m{}[39m
[38;5;135m[b7d788e6][0m[38;5;-36m[AndroidUiautomator2Driver@c92e][0m Calling AppiumDriver.elementDisplayed() with args: ["00000000-0000-0379-0000-001500000005","b7d788e6-ff1d-4b18-b437-d5231736b906"]
[38;5;135m[b7d788e6][0m[38;5;-36m[AndroidUiautomator2Driver@c92e][0m Matched '/element/00000000-0000-0379-0000-001500000005/attribute/displayed' to command name 'getAttribute'
[38;5;135m[b7d788e6][0m[38;5;-36m[AndroidUiautomator2Driver@c92e][0m Proxying [GET /element/00000000-0000-0379-0000-001500000005/attribute/displayed] to [GET http://127.0.0.1:8200/session/fd360031-b69f-4cda-91f7-4a794de3ae2b/element/00000000-0000-0379-0000-001500000005/attribute/displayed] with no body
[38;5;135m[b7d788e6][0m[38;5;-36m[AndroidUiautomator2Driver@c92e][0m Got response with status 200: {"sessionId":"fd360031-b69f-4cda-91f7-4a794de3ae2b","value":"true"}
[38;5;135m[b7d788e6][0m[38;5;-36m[AndroidUiautomator2Driver@c92e][0m Responding to client with driver.elementDisplayed() result: true
[38;5;135m[b7d788e6][0m[38;5;86m[HTTP][0m [37m<-- GET /session/b7d788e6-ff1d-4b18-b437-d5231736b906/element/00000000-0000-0379-0000-001500000005/displayed [39m[32m200[39m [90m39 ms - 14[39m [90m[39m
[38;5;135m[b7d788e6][0m[38;5;86m[HTTP][0m [37m-->[39m [37mPOST[39m [37m/session/b7d788e6-ff1d-4b18-b437-d5231736b906/element/00000000-0000-0379-0000-001500000005/click[39m [90m{}[39m
[38;5;135m[b7d788e6][0m[38;5;-36m[AndroidUiautomator2Driver@c92e][0m Calling AppiumDriver.click() with args: ["00000000-0000-0379-0000-001500000005","b7d788e6-ff1d-4b18-b437-d5231736b906"]
[38;5;135m[b7d788e6][0m[38;5;-36m[AndroidUiautomator2Driver@c92e][0m Matched '/element/00000000-0000-0379-0000-001500000005/click' to command name 'click'
[38;5;135m[b7d788e6][0m[38;5;-36m[AndroidUiautomator2Driver@c92e][0m Proxying [POST /element/00000000-0000-0379-0000-001500000005/click] to [POST http://127.0.0.1:8200/session/fd360031-b69f-4cda-91f7-4a794de3ae2b/element/00000000-0000-0379-0000-001500000005/click] with body: {"element":"00000000-0000-0379-0000-001500000005"}
[38;5;135m[b7d788e6][0m[38;5;-36m[AndroidUiautomator2Driver@c92e][0m Got response with status 200: {"sessionId":"fd360031-b69f-4cda-91f7-4a794de3ae2b","value":null}
[38;5;135m[b7d788e6][0m[38;5;-36m[AndroidUiautomator2Driver@c92e][0m Responding to client with driver.click() result: null
[38;5;135m[b7d788e6][0m[38;5;86m[HTTP][0m [37m<-- POST /session/b7d788e6-ff1d-4b18-b437-d5231736b906/element/00000000-0000-0379-0000-001500000005/click [39m[32m200[39m [90m1083 ms - 14[39m [90m[39m
[38;5;135m[b7d788e6][0m[38;5;86m[HTTP][0m [37m-->[39m [37mPOST[39m [37m/session/b7d788e6-ff1d-4b18-b437-d5231736b906/element[39m [90m{"using":"-android uiautomator","value":"new UiSelector().resourceId(\"ftu_primary_button_share_for_improvement\")"}[39m
[38;5;135m[b7d788e6][0m[38;5;-36m[AndroidUiautomator2Driver@c92e][0m Calling AppiumDriver.findElement() with args: ["-android uiautomator","new UiSelector().resourceId(\"ftu_primary_button_share_for_improvement\")","b7d788e6-ff1d-4b18-b437-d5231736b906"]
[38;5;135m[b7d788e6][0m[38;5;-36m[AndroidUiautomator2Driver@c92e][0m Valid locator strategies for this request: xpath, id, class name, accessibility id, css selector, -android uiautomator
[38;5;135m[b7d788e6][0m[38;5;-36m[AndroidUiautomator2Driver@c92e][0m Waiting up to 0 ms for condition
[38;5;135m[b7d788e6][0m[38;5;-36m[AndroidUiautomator2Driver@c92e][0m Matched '/element' to command name 'findElement'
[38;5;135m[b7d788e6][0m[38;5;-36m[AndroidUiautomator2Driver@c92e][0m Proxying [POST /element] to [POST http://127.0.0.1:8200/session/fd360031-b69f-4cda-91f7-4a794de3ae2b/element] with body: {"strategy":"-android uiautomator","selector":"new UiSelector().resourceId(\"ftu_primary_button_share_for_improvement\")","context":"","multiple":false}
[38;5;135m[b7d788e6][0m[38;5;-36m[AndroidUiautomator2Driver@c92e][0m Got response with status 200: {"sessionId":"fd360031-b69f-4cda-91f7-4a794de3ae2b","value":{"ELEMENT":"00000000-0000-0379-0000-001f00000005","element-6066-11e4-a52e-4f735466cecf":"00000000-0000-0379-0000-001f00000005"}}
[38;5;135m[b7d788e6][0m[38;5;-36m[AndroidUiautomator2Driver@c92e][0m Responding to client with driver.findElement() result: {"element-6066-11e4-a52e-4f735466cecf":"00000000-0000-0379-0000-001f00000005","ELEMENT":"00000000-0000-0379-0000-001f00000005"}
[38;5;135m[b7d788e6][0m[38;5;86m[HTTP][0m [37m<-- POST /session/b7d788e6-ff1d-4b18-b437-d5231736b906/element [39m[32m200[39m [90m59 ms - 137[39m [90m[39m
[38;5;135m[b7d788e6][0m[38;5;86m[HTTP][0m [37m-->[39m [37mGET[39m [37m/session/b7d788e6-ff1d-4b18-b437-d5231736b906/element/00000000-0000-0379-0000-001f00000005/displayed[39m [90m{}[39m
[38;5;135m[b7d788e6][0m[38;5;-36m[AndroidUiautomator2Driver@c92e][0m Calling AppiumDriver.elementDisplayed() with args: ["00000000-0000-0379-0000-001f00000005","b7d788e6-ff1d-4b18-b437-d5231736b906"]
[38;5;135m[b7d788e6][0m[38;5;-36m[AndroidUiautomator2Driver@c92e][0m Matched '/element/00000000-0000-0379-0000-001f00000005/attribute/displayed' to command name 'getAttribute'
[38;5;135m[b7d788e6][0m[38;5;-36m[AndroidUiautomator2Driver@c92e][0m Proxying [GET /element/00000000-0000-0379-0000-001f00000005/attribute/displayed] to [GET http://127.0.0.1:8200/session/fd360031-b69f-4cda-91f7-4a794de3ae2b/element/00000000-0000-0379-0000-001f00000005/attribute/displayed] with no body
[38;5;135m[b7d788e6][0m[38;5;-36m[AndroidUiautomator2Driver@c92e][0m Got response with status 200: {"sessionId":"fd360031-b69f-4cda-91f7-4a794de3ae2b","value":"true"}
[38;5;135m[b7d788e6][0m[38;5;-36m[AndroidUiautomator2Driver@c92e][0m Responding to client with driver.elementDisplayed() result: true
[38;5;135m[b7d788e6][0m[38;5;86m[HTTP][0m [37m<-- GET /session/b7d788e6-ff1d-4b18-b437-d5231736b906/element/00000000-0000-0379-0000-001f00000005/displayed [39m[32m200[39m [90m38 ms - 14[39m [90m[39m
[38;5;135m[b7d788e6][0m[38;5;86m[HTTP][0m [37m-->[39m [37mPOST[39m [37m/session/b7d788e6-ff1d-4b18-b437-d5231736b906/element/00000000-0000-0379-0000-001f00000005/click[39m [90m{}[39m
[38;5;135m[b7d788e6][0m[38;5;-36m[AndroidUiautomator2Driver@c92e][0m Calling AppiumDriver.click() with args: ["00000000-0000-0379-0000-001f00000005","b7d788e6-ff1d-4b18-b437-d5231736b906"]
[38;5;135m[b7d788e6][0m[38;5;-36m[AndroidUiautomator2Driver@c92e][0m Matched '/element/00000000-0000-0379-0000-001f00000005/click' to command name 'click'
[38;5;135m[b7d788e6][0m[38;5;-36m[AndroidUiautomator2Driver@c92e][0m Proxying [POST /element/00000000-0000-0379-0000-001f00000005/click] to [POST http://127.0.0.1:8200/session/fd360031-b69f-4cda-91f7-4a794de3ae2b/element/00000000-0000-0379-0000-001f00000005/click] with body: {"element":"00000000-0000-0379-0000-001f00000005"}
[38;5;135m[b7d788e6][0m[38;5;-36m[AndroidUiautomator2Driver@c92e][0m Got response with status 200: {"sessionId":"fd360031-b69f-4cda-91f7-4a794de3ae2b","value":null}
[38;5;135m[b7d788e6][0m[38;5;-36m[AndroidUiautomator2Driver@c92e][0m Responding to client with driver.click() result: null
[38;5;135m[b7d788e6][0m[38;5;86m[HTTP][0m [37m<-- POST /session/b7d788e6-ff1d-4b18-b437-d5231736b906/element/00000000-0000-0379-0000-001f00000005/click [39m[32m200[39m [90m893 ms - 14[39m [90m[39m
[38;5;135m[b7d788e6][0m[38;5;86m[HTTP][0m [37m-->[39m [37mPOST[39m [37m/session/b7d788e6-ff1d-4b18-b437-d5231736b906/element[39m [90m{"using":"-android uiautomator","value":"new UiSelector().resourceId(\"search_text_field\")"}[39m
[38;5;135m[b7d788e6][0m[38;5;-36m[AndroidUiautomator2Driver@c92e][0m Calling AppiumDriver.findElement() with args: ["-android uiautomator","new UiSelector().resourceId(\"search_text_field\")","b7d788e6-ff1d-4b18-b437-d5231736b906"]
[38;5;135m[b7d788e6][0m[38;5;-36m[AndroidUiautomator2Driver@c92e][0m Valid locator strategies for this request: xpath, id, class name, accessibility id, css selector, -android uiautomator
[38;5;135m[b7d788e6][0m[38;5;-36m[AndroidUiautomator2Driver@c92e][0m Waiting up to 0 ms for condition
[38;5;135m[b7d788e6][0m[38;5;-36m[AndroidUiautomator2Driver@c92e][0m Matched '/element' to command name 'findElement'
[38;5;135m[b7d788e6][0m[38;5;-36m[AndroidUiautomator2Driver@c92e][0m Proxying [POST /element] to [POST http://127.0.0.1:8200/session/fd360031-b69f-4cda-91f7-4a794de3ae2b/element] with body: {"strategy":"-android uiautomator","selector":"new UiSelector().resourceId(\"search_text_field\")","context":"","multiple":false}
[38;5;135m[b7d788e6][0m[38;5;-36m[AndroidUiautomator2Driver@c92e][0m Got response with status 200: {"sessionId":"fd360031-b69f-4cda-91f7-4a794de3ae2b","value":{"ELEMENT":"00000000-0000-0379-0000-002b00000005","element-6066-11e4-a52e-4f735466cecf":"00000000-0000-0379-0000-002b00000005"}}
[38;5;135m[b7d788e6][0m[38;5;-36m[AndroidUiautomator2Driver@c92e][0m Responding to client with driver.findElement() result: {"element-6066-11e4-a52e-4f735466cecf":"00000000-0000-0379-0000-002b00000005","ELEMENT":"00000000-0000-0379-0000-002b00000005"}
[38;5;135m[b7d788e6][0m[38;5;86m[HTTP][0m [37m<-- POST /session/b7d788e6-ff1d-4b18-b437-d5231736b906/element [39m[32m200[39m [90m52 ms - 137[39m [90m[39m
[38;5;135m[b7d788e6][0m[38;5;86m[HTTP][0m [37m-->[39m [37mGET[39m [37m/session/b7d788e6-ff1d-4b18-b437-d5231736b906/element/00000000-0000-0379-0000-002b00000005/displayed[39m [90m{}[39m
[38;5;135m[b7d788e6][0m[38;5;-36m[AndroidUiautomator2Driver@c92e][0m Calling AppiumDriver.elementDisplayed() with args: ["00000000-0000-0379-0000-002b00000005","b7d788e6-ff1d-4b18-b437-d5231736b906"]
[38;5;135m[b7d788e6][0m[38;5;-36m[AndroidUiautomator2Driver@c92e][0m Matched '/element/00000000-0000-0379-0000-002b00000005/attribute/displayed' to command name 'getAttribute'
[38;5;135m[b7d788e6][0m[38;5;-36m[AndroidUiautomator2Driver@c92e][0m Proxying [GET /element/00000000-0000-0379-0000-002b00000005/attribute/displayed] to [GET http://127.0.0.1:8200/session/fd360031-b69f-4cda-91f7-4a794de3ae2b/element/00000000-0000-0379-0000-002b00000005/attribute/displayed] with no body
[38;5;135m[b7d788e6][0m[38;5;-36m[AndroidUiautomator2Driver@c92e][0m Got response with status 200: {"sessionId":"fd360031-b69f-4cda-91f7-4a794de3ae2b","value":"true"}
[38;5;135m[b7d788e6][0m[38;5;-36m[AndroidUiautomator2Driver@c92e][0m Responding to client with driver.elementDisplayed() result: true
[38;5;135m[b7d788e6][0m[38;5;86m[HTTP][0m [37m<-- GET /session/b7d788e6-ff1d-4b18-b437-d5231736b906/element/00000000-0000-0379-0000-002b00000005/displayed [39m[32m200[39m [90m35 ms - 14[39m [90m[39m
[38;5;135m[b7d788e6][0m[38;5;86m[HTTP][0m [37m-->[39m [37mPOST[39m [37m/session/b7d788e6-ff1d-4b18-b437-d5231736b906/element/00000000-0000-0379-0000-002b00000005/click[39m [90m{}[39m
[38;5;135m[b7d788e6][0m[38;5;-36m[AndroidUiautomator2Driver@c92e][0m Calling AppiumDriver.click() with args: ["00000000-0000-0379-0000-002b00000005","b7d788e6-ff1d-4b18-b437-d5231736b906"]
[38;5;135m[b7d788e6][0m[38;5;-36m[AndroidUiautomator2Driver@c92e][0m Matched '/element/00000000-0000-0379-0000-002b00000005/click' to command name 'click'
[38;5;135m[b7d788e6][0m[38;5;-36m[AndroidUiautomator2Driver@c92e][0m Proxying [POST /element/00000000-0000-0379-0000-002b00000005/click] to [POST http://127.0.0.1:8200/session/fd360031-b69f-4cda-91f7-4a794de3ae2b/element/00000000-0000-0379-0000-002b00000005/click] with body: {"element":"00000000-0000-0379-0000-002b00000005"}
[38;5;135m[b7d788e6][0m[38;5;-36m[AndroidUiautomator2Driver@c92e][0m Got response with status 200: {"sessionId":"fd360031-b69f-4cda-91f7-4a794de3ae2b","value":null}
[38;5;135m[b7d788e6][0m[38;5;-36m[AndroidUiautomator2Driver@c92e][0m Responding to client with driver.click() result: null
[38;5;135m[b7d788e6][0m[38;5;86m[HTTP][0m [37m<-- POST /session/b7d788e6-ff1d-4b18-b437-d5231736b906/element/00000000-0000-0379-0000-002b00000005/click [39m[32m200[39m [90m1275 ms - 14[39m [90m[39m
[38;5;135m[b7d788e6][0m[38;5;86m[HTTP][0m [37m-->[39m [37mPOST[39m [37m/session/b7d788e6-ff1d-4b18-b437-d5231736b906/element[39m [90m{"using":"xpath","value":"//android.widget.EditText[@resource-id=\"search_text_field\"]"}[39m
[38;5;135m[b7d788e6][0m[38;5;-36m[AndroidUiautomator2Driver@c92e][0m Calling AppiumDriver.findElement() with args: ["xpath","//android.widget.EditText[@resource-id=\"search_text_field\"]","b7d788e6-ff1d-4b18-b437-d5231736b906"]
[38;5;135m[b7d788e6][0m[38;5;-36m[AndroidUiautomator2Driver@c92e][0m Valid locator strategies for this request: xpath, id, class name, accessibility id, css selector, -android uiautomator
[38;5;135m[b7d788e6][0m[38;5;-36m[AndroidUiautomator2Driver@c92e][0m Waiting up to 0 ms for condition
[38;5;135m[b7d788e6][0m[38;5;-36m[AndroidUiautomator2Driver@c92e][0m Matched '/element' to command name 'findElement'
[38;5;135m[b7d788e6][0m[38;5;-36m[AndroidUiautomator2Driver@c92e][0m Proxying [POST /element] to [POST http://127.0.0.1:8200/session/fd360031-b69f-4cda-91f7-4a794de3ae2b/element] with body: {"strategy":"xpath","selector":"//android.widget.EditText[@resource-id=\"search_text_field\"]","context":"","multiple":false}
[38;5;135m[b7d788e6][0m[38;5;-36m[AndroidUiautomator2Driver@c92e][0m Got response with status 200: {"sessionId":"fd360031-b69f-4cda-91f7-4a794de3ae2b","value":{"ELEMENT":"00000000-0000-0379-0000-005b00000005","element-6066-11e4-a52e-4f735466cecf":"00000000-0000-0379-0000-005b00000005"}}
[38;5;135m[b7d788e6][0m[38;5;-36m[AndroidUiautomator2Driver@c92e][0m Responding to client with driver.findElement() result: {"element-6066-11e4-a52e-4f735466cecf":"00000000-0000-0379-0000-005b00000005","ELEMENT":"00000000-0000-0379-0000-005b00000005"}
[38;5;135m[b7d788e6][0m[38;5;86m[HTTP][0m [37m<-- POST /session/b7d788e6-ff1d-4b18-b437-d5231736b906/element [39m[32m200[39m [90m470 ms - 137[39m [90m[39m
[38;5;135m[b7d788e6][0m[38;5;86m[HTTP][0m [37m-->[39m [37mGET[39m [37m/session/b7d788e6-ff1d-4b18-b437-d5231736b906/element/00000000-0000-0379-0000-005b00000005/displayed[39m [90m{}[39m
[38;5;135m[b7d788e6][0m[38;5;-36m[AndroidUiautomator2Driver@c92e][0m Calling AppiumDriver.elementDisplayed() with args: ["00000000-0000-0379-0000-005b00000005","b7d788e6-ff1d-4b18-b437-d5231736b906"]
[38;5;135m[b7d788e6][0m[38;5;-36m[AndroidUiautomator2Driver@c92e][0m Matched '/element/00000000-0000-0379-0000-005b00000005/attribute/displayed' to command name 'getAttribute'
[38;5;135m[b7d788e6][0m[38;5;-36m[AndroidUiautomator2Driver@c92e][0m Proxying [GET /element/00000000-0000-0379-0000-005b00000005/attribute/displayed] to [GET http://127.0.0.1:8200/session/fd360031-b69f-4cda-91f7-4a794de3ae2b/element/00000000-0000-0379-0000-005b00000005/attribute/displayed] with no body
[38;5;135m[b7d788e6][0m[38;5;-36m[AndroidUiautomator2Driver@c92e][0m Got response with status 200: {"sessionId":"fd360031-b69f-4cda-91f7-4a794de3ae2b","value":"true"}
[38;5;135m[b7d788e6][0m[38;5;-36m[AndroidUiautomator2Driver@c92e][0m Responding to client with driver.elementDisplayed() result: true
[38;5;135m[b7d788e6][0m[38;5;86m[HTTP][0m [37m<-- GET /session/b7d788e6-ff1d-4b18-b437-d5231736b906/element/00000000-0000-0379-0000-005b00000005/displayed [39m[32m200[39m [90m19 ms - 14[39m [90m[39m
[38;5;135m[b7d788e6][0m[38;5;86m[HTTP][0m [37m-->[39m [37mPOST[39m [37m/session/b7d788e6-ff1d-4b18-b437-d5231736b906/element/00000000-0000-0379-0000-005b00000005/clear[39m [90m{}[39m
[38;5;135m[b7d788e6][0m[38;5;-36m[AndroidUiautomator2Driver@c92e][0m Calling AppiumDriver.clear() with args: ["00000000-0000-0379-0000-005b00000005","b7d788e6-ff1d-4b18-b437-d5231736b906"]
[38;5;135m[b7d788e6][0m[38;5;-36m[AndroidUiautomator2Driver@c92e][0m Matched '/element/00000000-0000-0379-0000-005b00000005/clear' to command name 'clear'
[38;5;135m[b7d788e6][0m[38;5;-36m[AndroidUiautomator2Driver@c92e][0m Proxying [POST /element/00000000-0000-0379-0000-005b00000005/clear] to [POST http://127.0.0.1:8200/session/fd360031-b69f-4cda-91f7-4a794de3ae2b/element/00000000-0000-0379-0000-005b00000005/clear] with body: {"elementId":"00000000-0000-0379-0000-005b00000005"}
[38;5;135m[b7d788e6][0m[38;5;-36m[AndroidUiautomator2Driver@c92e][0m Got response with status 200: {"sessionId":"fd360031-b69f-4cda-91f7-4a794de3ae2b","value":null}
[38;5;135m[b7d788e6][0m[38;5;-36m[AndroidUiautomator2Driver@c92e][0m Responding to client with driver.clear() result: null
[38;5;135m[b7d788e6][0m[38;5;86m[HTTP][0m [37m<-- POST /session/b7d788e6-ff1d-4b18-b437-d5231736b906/element/00000000-0000-0379-0000-005b00000005/clear [39m[32m200[39m [90m23 ms - 14[39m [90m[39m
[38;5;135m[b7d788e6][0m[38;5;86m[HTTP][0m [37m-->[39m [37mPOST[39m [37m/session/b7d788e6-ff1d-4b18-b437-d5231736b906/element/00000000-0000-0379-0000-005b00000005/value[39m [90m{"text":"Restaurant"}[39m
[38;5;135m[b7d788e6][0m[38;5;-36m[AndroidUiautomator2Driver@c92e][0m Calling AppiumDriver.setValue() with args: ["Restaurant","00000000-0000-0379-0000-005b00000005","b7d788e6-ff1d-4b18-b437-d5231736b906"]
[38;5;135m[b7d788e6][0m[38;5;-36m[AndroidUiautomator2Driver@c92e][0m Matched '/element/00000000-0000-0379-0000-005b00000005/value' to command name 'setValue'
[38;5;135m[b7d788e6][0m[38;5;-36m[AndroidUiautomator2Driver@c92e][0m Added 'value' property ["R","e","s","t","a","u","r","a","n","t"] to 'setValue' request body
[38;5;135m[b7d788e6][0m[38;5;-36m[AndroidUiautomator2Driver@c92e][0m Proxying [POST /element/00000000-0000-0379-0000-005b00000005/value] to [POST http://127.0.0.1:8200/session/fd360031-b69f-4cda-91f7-4a794de3ae2b/element/00000000-0000-0379-0000-005b00000005/value] with body: {"elementId":"00000000-0000-0379-0000-005b00000005","text":"Restaurant","replace":false,"value":["R","e","s","t","a","u","r","a","n","t"]}
[38;5;135m[b7d788e6][0m[38;5;-36m[AndroidUiautomator2Driver@c92e][0m Got response with status 200: {"sessionId":"fd360031-b69f-4cda-91f7-4a794de3ae2b","value":null}
[38;5;135m[b7d788e6][0m[38;5;-36m[AndroidUiautomator2Driver@c92e][0m Responding to client with driver.setValue() result: null
[38;5;135m[b7d788e6][0m[38;5;86m[HTTP][0m [37m<-- POST /session/b7d788e6-ff1d-4b18-b437-d5231736b906/element/00000000-0000-0379-0000-005b00000005/value [39m[32m200[39m [90m25 ms - 14[39m [90m[39m
[38;5;135m[b7d788e6][0m[38;5;86m[HTTP][0m [37m-->[39m [37mPOST[39m [37m/session/b7d788e6-ff1d-4b18-b437-d5231736b906/execute/sync[39m [90m{"script":"mobile: performEditorAction","args":[{"action":"search"}]}[39m
[38;5;135m[b7d788e6][0m[38;5;-36m[AndroidUiautomator2Driver@c92e][0m Calling AppiumDriver.execute() with args: ["mobile: performEditorAction",[{"action":"search"}],"b7d788e6-ff1d-4b18-b437-d5231736b906"]
[38;5;135m[b7d788e6][0m[38;5;78m[SettingsApp][0m Performing editor action: search
[38;5;135m[b7d788e6][0m[38;5;229m[ADB][0m Running '/Users/shpal/Library/Android/sdk/platform-tools/adb -P 5037 -s RZCXA1E4D9X shell settings get secure default_input_method'
[38;5;135m[b7d788e6][0m[38;5;229m[ADB][0m Running '/Users/shpal/Library/Android/sdk/platform-tools/adb -P 5037 -s RZCXA1E4D9X shell ime enable io.appium.settings/.AppiumIME'
[38;5;135m[b7d788e6][0m[38;5;229m[ADB][0m Running '/Users/shpal/Library/Android/sdk/platform-tools/adb -P 5037 -s RZCXA1E4D9X shell ime set io.appium.settings/.AppiumIME'
[38;5;135m[b7d788e6][0m[38;5;229m[ADB][0m Running '/Users/shpal/Library/Android/sdk/platform-tools/adb -P 5037 -s RZCXA1E4D9X shell input text /search/'
[38;5;135m[b7d788e6][0m[38;5;229m[ADB][0m Running '/Users/shpal/Library/Android/sdk/platform-tools/adb -P 5037 -s RZCXA1E4D9X shell ime set com.samsung.android.honeyboard/.service.HoneyBoardService'
[38;5;135m[b7d788e6][0m[38;5;-36m[AndroidUiautomator2Driver@c92e][0m Responding to client with driver.execute() result: null
[38;5;135m[b7d788e6][0m[38;5;86m[HTTP][0m [37m<-- POST /session/b7d788e6-ff1d-4b18-b437-d5231736b906/execute/sync [39m[32m200[39m [90m1243 ms - 14[39m [90m[39m
[38;5;135m[b7d788e6][0m[38;5;86m[HTTP][0m [37m-->[39m [37mPOST[39m [37m/session/b7d788e6-ff1d-4b18-b437-d5231736b906/element[39m [90m{"using":"-android uiautomator","value":"new UiSelector().resourceIdMatches(\"search_result_item.+\")"}[39m
[38;5;135m[b7d788e6][0m[38;5;-36m[AndroidUiautomator2Driver@c92e][0m Calling AppiumDriver.findElement() with args: ["-android uiautomator","new UiSelector().resourceIdMatches(\"search_result_item.+\")","b7d788e6-ff1d-4b18-b437-d5231736b906"]
[38;5;135m[b7d788e6][0m[38;5;-36m[AndroidUiautomator2Driver@c92e][0m Valid locator strategies for this request: xpath, id, class name, accessibility id, css selector, -android uiautomator
[38;5;135m[b7d788e6][0m[38;5;-36m[AndroidUiautomator2Driver@c92e][0m Waiting up to 0 ms for condition
[38;5;135m[b7d788e6][0m[38;5;-36m[AndroidUiautomator2Driver@c92e][0m Matched '/element' to command name 'findElement'
[38;5;135m[b7d788e6][0m[38;5;-36m[AndroidUiautomator2Driver@c92e][0m Proxying [POST /element] to [POST http://127.0.0.1:8200/session/fd360031-b69f-4cda-91f7-4a794de3ae2b/element] with body: {"strategy":"-android uiautomator","selector":"new UiSelector().resourceIdMatches(\"search_result_item.+\")","context":"","multiple":false}
[38;5;135m[b7d788e6][0m[38;5;-36m[AndroidUiautomator2Driver@c92e][0m Got response with status 200: {"sessionId":"fd360031-b69f-4cda-91f7-4a794de3ae2b","value":{"ELEMENT":"00000000-0000-0379-0000-00b600000005","element-6066-11e4-a52e-4f735466cecf":"00000000-0000-0379-0000-00b600000005"}}
[38;5;135m[b7d788e6][0m[38;5;-36m[AndroidUiautomator2Driver@c92e][0m Responding to client with driver.findElement() result: {"element-6066-11e4-a52e-4f735466cecf":"00000000-0000-0379-0000-00b600000005","ELEMENT":"00000000-0000-0379-0000-00b600000005"}
[38;5;135m[b7d788e6][0m[38;5;86m[HTTP][0m [37m<-- POST /session/b7d788e6-ff1d-4b18-b437-d5231736b906/element [39m[32m200[39m [90m1034 ms - 137[39m [90m[39m
[38;5;135m[b7d788e6][0m[38;5;86m[HTTP][0m [37m-->[39m [37mGET[39m [37m/session/b7d788e6-ff1d-4b18-b437-d5231736b906/element/00000000-0000-0379-0000-00b600000005/displayed[39m [90m{}[39m
[38;5;135m[b7d788e6][0m[38;5;-36m[AndroidUiautomator2Driver@c92e][0m Calling AppiumDriver.elementDisplayed() with args: ["00000000-0000-0379-0000-00b600000005","b7d788e6-ff1d-4b18-b437-d5231736b906"]
[38;5;135m[b7d788e6][0m[38;5;-36m[AndroidUiautomator2Driver@c92e][0m Matched '/element/00000000-0000-0379-0000-00b600000005/attribute/displayed' to command name 'getAttribute'
[38;5;135m[b7d788e6][0m[38;5;-36m[AndroidUiautomator2Driver@c92e][0m Proxying [GET /element/00000000-0000-0379-0000-00b600000005/attribute/displayed] to [GET http://127.0.0.1:8200/session/fd360031-b69f-4cda-91f7-4a794de3ae2b/element/00000000-0000-0379-0000-00b600000005/attribute/displayed] with no body
[38;5;135m[b7d788e6][0m[38;5;-36m[AndroidUiautomator2Driver@c92e][0m Got response with status 200: {"sessionId":"fd360031-b69f-4cda-91f7-4a794de3ae2b","value":"true"}
[38;5;135m[b7d788e6][0m[38;5;-36m[AndroidUiautomator2Driver@c92e][0m Responding to client with driver.elementDisplayed() result: true
[38;5;135m[b7d788e6][0m[38;5;86m[HTTP][0m [37m<-- GET /session/b7d788e6-ff1d-4b18-b437-d5231736b906/element/00000000-0000-0379-0000-00b600000005/displayed [39m[32m200[39m [90m22 ms - 14[39m [90m[39m
[38;5;135m[b7d788e6][0m[38;5;86m[HTTP][0m [37m-->[39m [37mPOST[39m [37m/session/b7d788e6-ff1d-4b18-b437-d5231736b906/element/00000000-0000-0379-0000-00b600000005/click[39m [90m{}[39m
[38;5;135m[b7d788e6][0m[38;5;-36m[AndroidUiautomator2Driver@c92e][0m Calling AppiumDriver.click() with args: ["00000000-0000-0379-0000-00b600000005","b7d788e6-ff1d-4b18-b437-d5231736b906"]
[38;5;135m[b7d788e6][0m[38;5;-36m[AndroidUiautomator2Driver@c92e][0m Matched '/element/00000000-0000-0379-0000-00b600000005/click' to command name 'click'
[38;5;135m[b7d788e6][0m[38;5;-36m[AndroidUiautomator2Driver@c92e][0m Proxying [POST /element/00000000-0000-0379-0000-00b600000005/click] to [POST http://127.0.0.1:8200/session/fd360031-b69f-4cda-91f7-4a794de3ae2b/element/00000000-0000-0379-0000-00b600000005/click] with body: {"element":"00000000-0000-0379-0000-00b600000005"}
[38;5;135m[b7d788e6][0m[38;5;-36m[AndroidUiautomator2Driver@c92e][0m Got response with status 200: {"sessionId":"fd360031-b69f-4cda-91f7-4a794de3ae2b","value":null}
[38;5;135m[b7d788e6][0m[38;5;-36m[AndroidUiautomator2Driver@c92e][0m Responding to client with driver.click() result: null
[38;5;135m[b7d788e6][0m[38;5;86m[HTTP][0m [37m<-- POST /session/b7d788e6-ff1d-4b18-b437-d5231736b906/element/00000000-0000-0379-0000-00b600000005/click [39m[32m200[39m [90m60 ms - 14[39m [90m[39m
[38;5;135m[b7d788e6][0m[38;5;86m[HTTP][0m [37m-->[39m [37mPOST[39m [37m/session/b7d788e6-ff1d-4b18-b437-d5231736b906/element[39m [90m{"using":"-android uiautomator","value":"new UiSelector().resourceId(\"place_detail_get_directions_button\")"}[39m
[38;5;135m[b7d788e6][0m[38;5;-36m[AndroidUiautomator2Driver@c92e][0m Calling AppiumDriver.findElement() with args: ["-android uiautomator","new UiSelector().resourceId(\"place_detail_get_directions_button\")","b7d788e6-ff1d-4b18-b437-d5231736b906"]
[38;5;135m[b7d788e6][0m[38;5;-36m[AndroidUiautomator2Driver@c92e][0m Valid locator strategies for this request: xpath, id, class name, accessibility id, css selector, -android uiautomator
[38;5;135m[b7d788e6][0m[38;5;-36m[AndroidUiautomator2Driver@c92e][0m Waiting up to 0 ms for condition
[38;5;135m[b7d788e6][0m[38;5;-36m[AndroidUiautomator2Driver@c92e][0m Matched '/element' to command name 'findElement'
[38;5;135m[b7d788e6][0m[38;5;-36m[AndroidUiautomator2Driver@c92e][0m Proxying [POST /element] to [POST http://127.0.0.1:8200/session/fd360031-b69f-4cda-91f7-4a794de3ae2b/element] with body: {"strategy":"-android uiautomator","selector":"new UiSelector().resourceId(\"place_detail_get_directions_button\")","context":"","multiple":false}
[38;5;135m[b7d788e6][0m[38;5;-36m[AndroidUiautomator2Driver@c92e][0m Got response with status 200: {"sessionId":"fd360031-b69f-4cda-91f7-4a794de3ae2b","value":{"ELEMENT":"00000000-0000-0379-0000-00da00000005","element-6066-11e4-a52e-4f735466cecf":"00000000-0000-0379-0000-00da00000005"}}
[38;5;135m[b7d788e6][0m[38;5;-36m[AndroidUiautomator2Driver@c92e][0m Responding to client with driver.findElement() result: {"element-6066-11e4-a52e-4f735466cecf":"00000000-0000-0379-0000-00da00000005","ELEMENT":"00000000-0000-0379-0000-00da00000005"}
[38;5;135m[b7d788e6][0m[38;5;86m[HTTP][0m [37m<-- POST /session/b7d788e6-ff1d-4b18-b437-d5231736b906/element [39m[32m200[39m [90m652 ms - 137[39m [90m[39m
[38;5;135m[b7d788e6][0m[38;5;86m[HTTP][0m [37m-->[39m [37mGET[39m [37m/session/b7d788e6-ff1d-4b18-b437-d5231736b906/element/00000000-0000-0379-0000-00da00000005/displayed[39m [90m{}[39m
[38;5;135m[b7d788e6][0m[38;5;-36m[AndroidUiautomator2Driver@c92e][0m Calling AppiumDriver.elementDisplayed() with args: ["00000000-0000-0379-0000-00da00000005","b7d788e6-ff1d-4b18-b437-d5231736b906"]
[38;5;135m[b7d788e6][0m[38;5;-36m[AndroidUiautomator2Driver@c92e][0m Matched '/element/00000000-0000-0379-0000-00da00000005/attribute/displayed' to command name 'getAttribute'
[38;5;135m[b7d788e6][0m[38;5;-36m[AndroidUiautomator2Driver@c92e][0m Proxying [GET /element/00000000-0000-0379-0000-00da00000005/attribute/displayed] to [GET http://127.0.0.1:8200/session/fd360031-b69f-4cda-91f7-4a794de3ae2b/element/00000000-0000-0379-0000-00da00000005/attribute/displayed] with no body
[38;5;135m[b7d788e6][0m[38;5;-36m[AndroidUiautomator2Driver@c92e][0m Got response with status 200: {"sessionId":"fd360031-b69f-4cda-91f7-4a794de3ae2b","value":"true"}
[38;5;135m[b7d788e6][0m[38;5;-36m[AndroidUiautomator2Driver@c92e][0m Responding to client with driver.elementDisplayed() result: true
[38;5;135m[b7d788e6][0m[38;5;86m[HTTP][0m [37m<-- GET /session/b7d788e6-ff1d-4b18-b437-d5231736b906/element/00000000-0000-0379-0000-00da00000005/displayed [39m[32m200[39m [90m41 ms - 14[39m [90m[39m
[38;5;135m[b7d788e6][0m[38;5;86m[HTTP][0m [37m-->[39m [37mPOST[39m [37m/session/b7d788e6-ff1d-4b18-b437-d5231736b906/element/00000000-0000-0379-0000-00da00000005/click[39m [90m{}[39m
[38;5;135m[b7d788e6][0m[38;5;-36m[AndroidUiautomator2Driver@c92e][0m Calling AppiumDriver.click() with args: ["00000000-0000-0379-0000-00da00000005","b7d788e6-ff1d-4b18-b437-d5231736b906"]
[38;5;135m[b7d788e6][0m[38;5;-36m[AndroidUiautomator2Driver@c92e][0m Matched '/element/00000000-0000-0379-0000-00da00000005/click' to command name 'click'
[38;5;135m[b7d788e6][0m[38;5;-36m[AndroidUiautomator2Driver@c92e][0m Proxying [POST /element/00000000-0000-0379-0000-00da00000005/click] to [POST http://127.0.0.1:8200/session/fd360031-b69f-4cda-91f7-4a794de3ae2b/element/00000000-0000-0379-0000-00da00000005/click] with body: {"element":"00000000-0000-0379-0000-00da00000005"}
[38;5;135m[b7d788e6][0m[38;5;-36m[AndroidUiautomator2Driver@c92e][0m Got response with status 200: {"sessionId":"fd360031-b69f-4cda-91f7-4a794de3ae2b","value":null}
[38;5;135m[b7d788e6][0m[38;5;-36m[AndroidUiautomator2Driver@c92e][0m Responding to client with driver.click() result: null
[38;5;135m[b7d788e6][0m[38;5;86m[HTTP][0m [37m<-- POST /session/b7d788e6-ff1d-4b18-b437-d5231736b906/element/00000000-0000-0379-0000-00da00000005/click [39m[32m200[39m [90m950 ms - 14[39m [90m[39m
[38;5;135m[b7d788e6][0m[38;5;86m[HTTP][0m [37m-->[39m [37mDELETE[39m [37m/session/b7d788e6-ff1d-4b18-b437-d5231736b906[39m [90m{}[39m
[38;5;135m[b7d788e6][0m[38;5;-36m[AndroidUiautomator2Driver@c92e][0m Calling AppiumDriver.deleteSession() with args: ["b7d788e6-ff1d-4b18-b437-d5231736b906"]
[38;5;135m[b7d788e6][0m[38;5;138m[AppiumDriver@60f4][0m Event 'quitSessionRequested' logged at 1745597339815 (21:38:59 GMT+0530 (India Standard Time))
[38;5;135m[b7d788e6][0m[38;5;138m[AppiumDriver@60f4][0m Removing session b7d788e6-ff1d-4b18-b437-d5231736b906 from our master session list
[38;5;135m[b7d788e6][0m[38;5;-36m[AndroidUiautomator2Driver@c92e][0m Deleting UiAutomator2 session
[38;5;135m[b7d788e6][0m[38;5;-36m[AndroidUiautomator2Driver@c92e][0m Deleting UiAutomator2 server session
[38;5;135m[b7d788e6][0m[38;5;-36m[AndroidUiautomator2Driver@c92e][0m Proxying [DELETE /] to [DELETE http://127.0.0.1:8200/session/fd360031-b69f-4cda-91f7-4a794de3ae2b] with no body
[38;5;135m[b7d788e6][0m[38;5;-36m[AndroidUiautomator2Driver@c92e][0m Got response with status 200: {"sessionId":"fd360031-b69f-4cda-91f7-4a794de3ae2b","value":null}
[38;5;135m[b7d788e6][0m[38;5;229m[ADB][0m Getting IDs of all 'io.appium.uiautomator2.server' processes
[38;5;135m[b7d788e6][0m[38;5;229m[ADB][0m Running '/Users/shpal/Library/Android/sdk/platform-tools/adb -P 5037 -s RZCXA1E4D9X shell 'pgrep --help; echo $?''
[38;5;135m[b7d788e6][0m[38;5;-36m[AndroidUiautomator2Driver@c92e][0m [Instrumentation] io.appium.uiautomator2.server.test.AppiumUiAutomator2Server:.
[38;5;135m[b7d788e6][0m[38;5;-36m[AndroidUiautomator2Driver@c92e][0m [Instrumentation] 
[38;5;135m[b7d788e6][0m[38;5;-36m[AndroidUiautomator2Driver@c92e][0m [Instrumentation] Time: 18.537
[38;5;135m[b7d788e6][0m[38;5;-36m[AndroidUiautomator2Driver@c92e][0m [Instrumentation] 
[38;5;135m[b7d788e6][0m[38;5;-36m[AndroidUiautomator2Driver@c92e][0m [Instrumentation] OK (1 test)
[38;5;135m[b7d788e6][0m[38;5;-36m[AndroidUiautomator2Driver@c92e][0m [Instrumentation] 
[38;5;135m[b7d788e6][0m[38;5;-36m[AndroidUiautomator2Driver@c92e][0m [Instrumentation] 
[38;5;135m[b7d788e6][0m[38;5;-36m[AndroidUiautomator2Driver@c92e][0m [Instrumentation] The process has exited with code 0, signal null
[38;5;135m[b7d788e6][0m[38;5;229m[ADB][0m Running '/Users/shpal/Library/Android/sdk/platform-tools/adb -P 5037 -s RZCXA1E4D9X shell pgrep -f \(\[\[:blank:\]\]\|\^\)io\.appium\.uiautomator2\.server\(:\[a-zA-Z0-9_-\]\+\)\?\(\[\[:blank:\]\]\|\$\)'
[38;5;135m[b7d788e6][0m[38;5;229m[ADB][0m Running '/Users/shpal/Library/Android/sdk/platform-tools/adb -P 5037 -s RZCXA1E4D9X shell am force-stop io.appium.uiautomator2.server'
[38;5;135m[b7d788e6][0m[38;5;229m[ADB][0m Running '/Users/shpal/Library/Android/sdk/platform-tools/adb -P 5037 -s RZCXA1E4D9X shell am force-stop io.appium.uiautomator2.server.test'
[38;5;135m[b7d788e6][0m[38;5;229m[ADB][0m Running '/Users/shpal/Library/Android/sdk/platform-tools/adb -P 5037 -s RZCXA1E4D9X shell dumpsys activity services io.appium.settings/.recorder.RecorderService'
[38;5;135m[b7d788e6][0m[38;5;229m[ADB][0m Running '/Users/shpal/Library/Android/sdk/platform-tools/adb -P 5037 -s RZCXA1E4D9X shell am force-stop com.here.app.wegoalpha'
[38;5;135m[b7d788e6][0m[38;5;229m[ADB][0m Removing forwarded port socket connection: 8200 
[38;5;135m[b7d788e6][0m[38;5;229m[ADB][0m Running '/Users/shpal/Library/Android/sdk/platform-tools/adb -P 5037 -s RZCXA1E4D9X forward --remove tcp:8200'
[38;5;135m[b7d788e6][0m[38;5;-36m[AndroidUiautomator2Driver@c92e][0m Restoring hidden api policy to the device default configuration
[38;5;135m[b7d788e6][0m[38;5;229m[ADB][0m Running '/Users/shpal/Library/Android/sdk/platform-tools/adb -P 5037 -s RZCXA1E4D9X shell 'settings delete global hidden_api_policy_pre_p_apps;settings delete global hidden_api_policy_p_apps;settings delete global hidden_api_policy''
[38;5;135m[b7d788e6][0m[38;5;160m[Logcat][0m Stopping logcat capture
[38;5;135m[b7d788e6][0m[38;5;138m[AppiumDriver@60f4][0m Event 'quitSessionFinished' logged at 1745597340779 (21:39:00 GMT+0530 (India Standard Time))
[38;5;135m[b7d788e6][0m[38;5;138m[AppiumDriver@60f4][0m Received response: null
[38;5;135m[b7d788e6][0m[38;5;138m[AppiumDriver@60f4][0m But deleting session, so not returning
[38;5;135m[b7d788e6][0m[38;5;138m[AppiumDriver@60f4][0m Responding to client with driver.deleteSession() result: null
[38;5;135m[b7d788e6][0m[38;5;86m[HTTP][0m [37m<-- DELETE /session/b7d788e6-ff1d-4b18-b437-d5231736b906 [39m[32m200[39m [90m966 ms - 14[39m [90m[39m
